IQ-TREE multicore version 2.1.3 COVID-edition for Mac OS X 64-bit built Oct  4 2021
Developed by Bui Quang Minh, James Barbetti, Nguyen Lam Tung,
Olga Chernomor, Heiko Schmidt, Dominik Schrempf, Michael Woodhams.

Host:    Emilys-MacBook-Air-5.local (AVX2, FMA3, 16 GB RAM)
Command: bin/iqtree2 -s /Applications/iqtree-2.1.3-MacOSX/bin/gltA_seqs_revcomp_correct_mafft_gb.fasta -m MFP -B 1000
Seed:    822598 (Using SPRNG - Scalable Parallel Random Number Generator)
Time:    Mon Apr 22 21:58:58 2024
Kernel:  AVX+FMA - 1 threads (4 CPU cores detected)

HINT: Use -nt option to specify number of threads because your CPU has 4 cores!
HINT: -nt AUTO will automatically determine the best number of threads to use.

Reading alignment file /Applications/iqtree-2.1.3-MacOSX/bin/gltA_seqs_revcomp_correct_mafft_gb.fasta ... Fasta format detected
Alignment most likely contains DNA/RNA sequences
Alignment has 500 sequences with 301 columns, 267 distinct patterns
134 parsimony-informative, 35 singleton sites, 132 constant sites
                                           Gap/Ambiguity  Composition  p-value
   1  Eh7-0110-R16_GH                              6.64%    passed     55.39%
   2  GoG_G3_58_Eh_ST                              0.00%    passed     76.97%
   3  GoG_G6_68_Eh_BI                              0.00%    passed     82.72%
   4  GoG_G2_62_Eh_ST                              0.33%    passed     77.85%
   5  GoG_G3_54_Eh_PR                              0.00%    passed     82.72%
   6  GoG_G7_47_Eh_AN                              0.00%    passed     82.72%
   7  GoG_G2_84_Eh_ST                              9.30%    passed     66.76%
   8  GoG_G2_2_Eh_ST_2                             5.98%    passed     78.00%
   9  Bartonella.sp_Eidolon.helvum_E4_B39301_GH    0.00%    passed     49.35%
  10  GoG_G3_28_Eh_PR                             57.14%    passed     17.40%
  11  GoG_G3_30_Eh_ST_2                            0.00%    passed     49.35%
  12  GoG_G3_59_Eh_ST                              0.00%    passed     49.35%
  13  GoG_G6_63_Eh_BI                              0.00%    passed     49.35%
  14  GoG_G10_7_Eh_GH                              0.00%    passed     49.35%
  15  GoG_G11_1_Eh_GH                              0.00%    passed     49.35%
  16  GoG_G3_31_Eh_ST                              0.33%    passed     43.92%
  17  GoG_G6_41_Eh_BI                              0.33%    passed     53.47%
  18  GoG_G3_82_Eh_PR                              0.00%    passed     49.35%
  19  GoG_G9_56_Eh_GH                              0.00%    passed     49.35%
  20  GoG_G6_92_Eh_BI                              0.00%    passed     49.35%
  21  GoG_G5_13_Eh_GH                              0.00%    passed     49.35%
  22  GoG_G2_93_Eh_ST                              8.31%    passed     44.46%
  23  GoG_G4_20_Eh_PR                             45.85%    passed     24.53%
  24  GoG_G2_38_Eh_ST                              0.00%    passed     49.35%
  25  GoG_G3_76_Eh_PR                              0.00%    passed     50.96%
  26  GoG_G6_13_Eh_BI                              0.00%    passed     58.95%
  27  GoG_G3_81_Eh_PR                              0.00%    passed     49.35%
  28  GoG_G6_88_Eh_BI                              0.00%    passed     49.35%
  29  GoG_G3_7_Eh_ST                               0.00%    passed     49.35%
  30  GoG_G6_58_Eh_BI_2                            8.31%    passed     44.46%
  31  GoG_G4_41_Eh_BI                              0.00%    passed     49.35%
  32  GoG_G3_5_Eh_ST                               0.00%    passed     49.35%
  33  GoG_G3_80_Eh_PR                              0.00%    passed     49.35%
  34  GoG_G4_16_Eh_PR                              0.00%    passed     49.35%
  35  GoG_G3_83_Eh_PR_2                            8.64%    passed     44.56%
  36  GoG_G2_16_Eh_PR                             63.12%    passed     87.44%
  37  GoG_G7_13_Eh_BI                              0.00%    passed     49.35%
  38  GoG_G9_79_Eh_GH                             19.27%    passed     37.18%
  39  GoG_G2_20_Eh_ST                              0.00%    passed     43.70%
  40  GoG_G1_32_Eh_ST                              0.33%    passed     53.47%
  41  GoG_G2_60_Eh_ST                              0.00%    passed     49.35%
  42  GoG_G6_58_Eh_BI_1                           36.88%    passed     91.32%
  43  GoG_G3_71_Eh_PR_2                            8.31%    passed     75.88%
  44  GoG_G9_59_Eh_GH                             42.86%    passed     44.66%
  45  n1-06_Eid.hel_E1-105_B42975_KE               0.00%    passed     77.08%
  46  n1-13_Eid.hel_E-Nig-712_B42982_NI            0.00%    passed     77.08%
  47  GoG_G3_47_Eh_ST                              0.00%    passed     77.08%
  48  GoG_G7_45_Eh_AN_1                            0.00%    passed     77.08%
  49  GoG_G3_78_Eh_PR                              0.00%    passed     77.08%
  50  GoG_G3_79_Eh_PR                              0.00%    passed     77.08%
  51  GoG_G1_7_Eh_PR                               4.65%    passed     83.20%
  52  GoG_G2_45_Eh_ST_1                           42.19%    passed     57.77%
  53  GoG_G4_24_Eh_ST                              0.00%    passed     77.08%
  54  GoG_G7_60_Eh_AN                              0.00%    passed     77.08%
  55  GoG_G7_89_Eh_AN                              0.00%    passed     77.08%
  56  GoG_G7_53_Eh_AN_1                            0.00%    passed     77.08%
  57  GoG_G1_4_Eh_PR                               3.32%    passed     72.87%
  58  GoG_G1_19_Eh_ST                              7.64%    passed     74.41%
  59  GoG_G4_27_Eh_ST                              0.00%    passed     77.08%
  60  GoG_G1_43_Eh_UNK                             0.00%    passed     77.08%
  61  GoG_G3_38_Eh_PR                              0.00%    passed     77.08%
  62  GoG_G2_87_Eh_ST                              0.00%    passed     77.08%
  63  GoG_G7_57_Eh_AN                              0.00%    passed     77.08%
  64  GoG_G8_1_Eh_AN                               0.00%    passed     77.08%
  65  GoG_G3_37_Eh_PR_2                            0.00%    passed     78.33%
  66  GoG_G7_74_Eh_AN_2                           37.21%    passed     73.64%
  67  Bartonella.sp_Eidolon.helvum_E1_B23987_KE    0.00%    passed     71.96%
  68  GoG_G4_23_Eh_ST                              0.00%    passed     77.08%
  69  GoG_G7_50_Eh_AN                              0.00%    passed     77.08%
  70  GoG_G3_45_Eh_PR                              0.00%    passed     77.08%
  71  GoG_G3_55_Eh_PR                              0.00%    passed     77.08%
  72  GoG_G3_48_Eh_ST                              0.00%    passed     77.08%
  73  GoG_G7_82_Eh_AN                              0.33%    passed     81.16%
  74  GoG_G4_85_Eh_BI                              0.00%    passed     77.08%
  75  GoG_G1_42_Eh_ST                              0.00%    passed     77.08%
  76  GoG_G4_17_Eh_ST                              0.33%    passed     81.16%
  77  GoG_G4_62_Eh_BI                              0.00%    passed     84.44%
  78  GoG_G7_21_Eh_AN                              0.00%    passed     68.54%
  79  GoG_G2_34_Eh_ST_2                           34.55%    passed     77.40%
  80  GoG_G7_17_Eh_BI                              0.00%    passed     77.08%
  81  GoG_G8_32_Eh_AN                              0.00%    passed     77.08%
  82  GoG_G4_22_Eh_PR                              7.97%    passed     81.97%
  83  GoG_G4_1_Eh_ST_1                            57.48%    passed     63.63%
  84  GoG_G3_60_Eh_ST                              0.00%    passed     77.08%
  85  GoG_G2_34_Eh_ST_1                            0.00%    passed     77.08%
  86  GoG_G2_52_Eh_PR_1                            0.00%    passed     77.08%
  87  GoG_G2_73_Eh_PR                              0.00%    passed     77.08%
  88  GoG_G2_31_Eh_PR                              0.00%    passed     77.08%
  89  GoG_G4_14_Eh_ST                              0.00%    passed     77.08%
  90  GoG_G7_74_Eh_AN_1                           24.25%    passed     63.24%
  91  GoG_G2_6_Eh_ST                               0.33%    passed     78.66%
  92  GoG_G7_93_Eh_AN_3                           27.91%    passed     37.51%
  93  GoG_G7_93_Eh_AN_4                           25.91%    passed     71.14%
  94  GoG_G2_52_Eh_PR_2                           60.80%    passed     39.19%
  95  n1-07_Eid.hel_E2-114_B42976_KE               0.00%    passed     95.58%
  96  GoG_G8_55_Eh_AN                              0.00%    passed     95.58%
  97  Bartonella.sp_Eidolon.helvum_E2_B23979_KE    0.00%    passed     95.58%
  98  Bartonella.sp_Eidolon.helvum_E2_B39294_GH    0.00%    passed     95.58%
  99  GoG_G3_50_Eh_ST                              0.00%    passed     95.58%
 100  GoG_G3_63_Eh_ST                              0.33%    passed     95.36%
 101  GoG_G2_33_Eh_ST                              0.00%    passed     95.58%
 102  GoG_G2_47_Eh_ST                              0.66%    passed     96.23%
 103  GoG_G3_88_Eh_ST                              0.33%    passed     92.45%
 104  GoG_G1_18_Eh_ST                             12.96%    passed     81.48%
 105  GoG_G9_5_Eh_GH                               0.00%    passed     95.58%
 106  GoG_G9_20_Eh_GH                              0.00%    passed     95.58%
 107  GoG_G7_76_Eh_AN                              0.00%    passed     91.00%
 108  Bartonella.sp_Eidolon.helvum_E2_B24225_KE    0.00%    passed     98.25%
 109  Bartonella.sp_Eidolon.helvum_E2_B40400_TA    0.00%    passed     98.18%
 110  Bartonella.sp_Eidolon.helvum_E2_B40396_TA    0.00%    passed     91.42%
 111  GoG_G2_64_Eh_ST                              0.00%    passed     94.29%
 112  GoG_G3_66_Eh_PR                              0.00%    passed     98.18%
 113  GoG_G3_22_Eh_PR                              0.00%    passed     98.18%
 114  GoG_G2_70_Eh_ST                              0.00%    passed     88.39%
 115  GoG_G3_2_Eh_ST                               0.00%    passed     99.52%
 116  GoG_G3_16_Eh_PR                              0.00%    passed     98.18%
 117  GoG_G3_75_Eh_PR                              0.00%    passed     88.39%
 118  GoG_G4_1_Eh_ST_2                            12.62%    passed     75.43%
 119  GoG_G3_77_Eh_ST                              0.33%    passed     88.78%
 120  GoG_G8_37_Eh_AN                              0.00%    passed     97.58%
 121  GoG_G2_26_Eh_ST                              0.00%    passed     99.48%
 122  GoG_G2_48_Eh_ST                              2.33%    passed     90.93%
 123  Bartonella.sp_Eidolon.helvum_E5_B39233_GH    0.00%    passed     78.27%
 124  GoG_G8_38_Eh_AN_3                           48.84%    passed     99.66%
 125  GoG_G3_6_Eh_ST                               0.00%    passed     73.32%
 126  GoG_G7_53_Eh_AN_2                            0.00%    passed     78.27%
 127  GoG_G7_64_Eh_AN                              0.00%    passed     78.27%
 128  GoG_G7_90_Eh_AN                              0.00%    passed     78.27%
 129  GoG_G7_45_Eh_AN_2                            0.00%    passed     78.27%
 130  GoG_G6_26_Eh_BI                              0.00%    passed     78.27%
 131  GoG_G6_25_Eh_BI                              0.00%    passed     78.27%
 132  Bartonella.sp_Eidolon.helvum_E5_B40014_TA    0.00%    passed     82.65%
 133  GoG_G9_4_Eh_GH                               5.98%    passed     96.05%
 134  GoG_G6_74_Eh_BI                              0.00%    passed     82.65%
 135  GoG_G11_4_Eh_GH                              0.00%    passed     82.65%
 136  Bartonella.sp_Eidolon.helvum_E5_B39296_GH    0.00%    passed     78.27%
 137  GoG_G2_88_Eh_ST_2                           74.09%    passed     22.97%
 138  GoG_G7_92_Eh_AN                              0.00%    passed     78.27%
 139  GoG_G4_77_Eh_BI_1                            0.00%    passed     82.65%
 140  GoG_G1_11_Eh_ST                             13.29%    passed     57.54%
 141  GoG_G4_7_Eh_ST                               0.00%    passed     82.65%
 142  GoG_G2_90_Eh_ST                              0.00%    passed     82.65%
 143  GoG_G7_71_Eh_AN                              0.00%    passed     82.65%
 144  GoG_G7_55_Eh_AN                              0.00%    passed     82.65%
 145  GoG_G7_56_Eh_AN                              0.00%    passed     82.65%
 146  GoG_G3_90_Eh_ST                              0.00%    passed     82.65%
 147  GoG_G7_51_Eh_AN_1                            0.00%    passed     82.65%
 148  GoG_G6_47_Eh_BI                              0.00%    passed     82.65%
 149  GoG_G7_62_Eh_AN                              0.00%    passed     82.65%
 150  GoG_G8_90_Eh_GH                              0.00%    passed     82.65%
 151  GoG_G6_61_Hm_BI_1                           61.46%    passed     14.63%
 152  GoG_G6_53_Eh_BI                              0.00%    passed     78.27%
 153  GoG_G1_13_Eh_ST                              4.65%    passed     89.30%
 154  GoG_G3_62_Eh_ST                              0.00%    passed     78.27%
 155  GoG_G7_81_Eh_AN                              0.00%    passed     78.27%
 156  GoG_G4_48_Eh_BI                              0.00%    passed     78.27%
 157  GoG_G7_54_Eh_AN                              0.00%    passed     78.27%
 158  GoG_G1_36_Eh_ST                              0.00%    passed     78.27%
 159  GoG_G8_36_Eh_AN                              0.00%    passed     78.27%
 160  GoG_G7_67_Eh_AN                              0.00%    passed     78.27%
 161  GoG_G4_38_Eh_BI                              0.00%    passed     78.27%
 162  GoG_G2_66_Eh_ST                              0.00%    passed     78.27%
 163  GoG_G6_11_Eh_BI                              0.00%    passed     78.27%
 164  GoG_G7_40_Eh_AN                              0.00%    passed     78.27%
 165  GoG_G8_51_Eh_AN                              0.00%    passed     82.65%
 166  GoG_G8_65_Eh_PR                              0.66%    passed     86.14%
 167  GoG_G3_21_Eh_PR                              0.00%    passed     78.27%
 168  GoG_G3_49_Eh_ST                              0.00%    passed     82.65%
 169  GoG_G3_53_Eh_ST                              0.00%    passed     82.65%
 170  GoG_G7_25_Eh_AN                              0.33%    passed     78.05%
 171  GoG_G2_46_Eh_ST_1                            9.97%    passed     89.09%
 172  GoG_G9_19_Eh_GH                              0.00%    passed     82.65%
 173  GoG_G1_21_Eh_UNK                             3.65%    passed     81.94%
 174  GoG_G6_40_Eh_BI                              0.00%    passed     82.65%
 175  GoG_G3_27_Eh_PR_1                            0.00%    passed     82.65%
 176  GoG_G7_88_Eh_AN                              0.00%    passed     82.65%
 177  GoG_G7_59_Eh_AN                              0.00%    passed     82.65%
 178  GoG_G3_84_Eh_PR                              0.33%    passed     78.05%
 179  GoG_G8_91_Eh_GH                              0.00%    passed     82.65%
 180  GoG_G6_90_Eh_BI                              0.00%    passed     82.65%
 181  GoG_G6_50_Eh_BI                              0.00%    passed     82.65%
 182  GoG_G2_54_Eh_PR                              0.00%    passed     82.65%
 183  GoG_G8_40_Eh_AN                              0.00%    passed     82.65%
 184  GoG_G3_51_Eh_ST                              0.00%    passed     82.65%
 185  GoG_G6_27_Eh_BI                              0.00%    passed     82.65%
 186  GoG_G6_8_Eh_BI                               0.00%    passed     82.65%
 187  GoG_G1_8_Eh_ST                              17.94%    passed     63.87%
 188  GoG_G1_6_Eh_PR                               2.66%    passed     86.43%
 189  GoG_G1_29_Eh_ST                              3.32%    passed     85.91%
 190  GoG_G4_10_Eh_ST                              0.00%    passed     82.65%
 191  GoG_G2_27_Eh_ST                              0.00%    passed     82.65%
 192  GoG_G7_4_Eh_BI                               0.00%    passed     82.65%
 193  GoG_G5_12_Eh_GH_1                            2.66%    passed     71.38%
 194  GoG_G2_79_Eh_ST                              0.00%    passed     67.20%
 195  GoG_G1_24_Eh_ST                             17.94%    passed     64.98%
 196  GoG_G2_80_Eh_ST                              0.00%    passed     67.20%
 197  GoG_G2_36_Eh_ST                              0.00%    passed     78.27%
 198  GoG_G2_58_Eh_ST                              0.00%    passed     78.27%
 199  GoG_G1_14_Eh_ST                              4.65%    passed     85.27%
 200  GoG_G8_18_Eh_AN                              0.00%    passed     78.27%
 201  GoG_G8_19_Eh_AN                              0.00%    passed     82.65%
 202  GoG_G2_74_Eh_PR                              0.00%    passed     78.27%
 203  GoG_G8_34_Eh_AN                              0.33%    passed     81.90%
 204  GoG_G7_22_Eh_AN                              0.00%    passed     78.27%
 205  GoG_G4_29_Eh_BI                              0.00%    passed     82.65%
 206  GoG_G8_38_Eh_AN_4                            8.31%    passed     86.56%
 207  GoG_G7_29_Eh_AN                              0.00%    passed     78.27%
 208  GoG_G6_93_Eh_BI                              0.00%    passed     82.65%
 209  Bartonella.sp_Eidolon.helvum_E5_B40908_UG    0.00%    passed     67.20%
 210  GoG_G5_12_Eh_GH_2                           19.27%    passed     87.22%
 211  GoG_G6_61_Hm_BI_2                            6.31%    passed     82.88%
 212  GoG_G11_12_Eh_GH                             0.00%    passed     67.20%
 213  GoG_G7_80_Eh_AN_1                            0.00%    passed     78.27%
 214  GoG_G11_10_Eh_GH                             0.00%    passed     82.65%
 215  GoG_G11_16_Eh_GH                             0.00%    passed     78.27%
 216  GoG_G2_3_Eh_PR                               0.00%    passed     82.65%
 217  GoG_G2_40_Eh_ST                              1.33%    passed     88.63%
 218  GoG_G2_50_Eh_ST                              0.00%    passed     82.65%
 219  GoG_G8_16_Eh_AN                              0.00%    passed     82.65%
 220  GoG_G3_67_Eh_ST                              0.00%    passed     82.65%
 221  GoG_G5_2_Eh_GH_1                             2.66%    passed     86.43%
 222  GoG_G2_23_Eh_ST                              0.00%    passed     82.65%
 223  GoG_G11_7_Eh_GH                              0.00%    passed     78.27%
 224  GoG_G8_63_Eh_ST                              0.66%    passed     82.31%
 225  GoG_G7_68_Eh_AN_2                            4.32%    passed     92.86%
 226  GoG_G3_87_Eh_ST                              0.00%    passed     82.65%
 227  GoG_G7_52_Eh_AN                              0.00%    passed     82.65%
 228  GoG_G3_89_Eh_ST                              0.00%    passed     78.27%
 229  GoG_G6_35_Eh_BI                              0.00%    passed     86.26%
 230  GoG_G3_93_Eh_PR                              0.00%    passed     60.98%
 231  GoG_G8_53_Eh_AN_2                            0.00%    passed     78.27%
 232  GoG_G8_73_Eh_GH                              0.00%    passed     81.90%
 233  GoG_G3_37_Eh_PR_1                            0.33%    passed     78.05%
 234  GoG_G8_39_Eh_AN                              0.33%    passed     85.10%
 235  GoG_G7_31_Eh_AN_1                           22.26%    passed     51.60%
 236  GoG_G2_59_Eh_ST                              0.00%    passed     82.65%
 237  GoG_G9_27_Eh_GH                              0.33%    passed     81.90%
 238  GoG_G8_25_Eh_AN_1                            0.00%    passed     76.93%
 239  GoG_G8_41_Eh_AN_2                            0.00%    passed     78.27%
 240  GoG_G7_31_Eh_AN_2                           22.59%    passed     57.67%
 241  GoG_G8_87_Eh_GH                              0.00%    passed     78.27%
 242  GoG_G7_11_Eh_BI                              0.00%    passed     76.93%
 243  GoG_G2_42_Eh_ST                              0.33%    passed     82.64%
 244  GoG_G8_57_Eh_AN                              0.00%    passed     78.27%
 245  Bartonella.sp_Eidolon.helvum_E5_B39249_GH    0.00%    passed     82.85%
 246  GoG_G3_4_Eh_ST                               0.66%    passed     72.10%
 247  GoG_G6_57_Eh_BI_2                            8.31%    passed     84.26%
 248  GoG_G6_85_Eh_BI                             11.96%    passed     77.51%
 249  GoG_G3_91_Eh_ST                              0.00%    passed     82.85%
 250  GoG_G6_59_Eh_BI                              0.00%    passed     82.85%
 251  GoG_G3_17_Eh_PR                              0.00%    passed     82.85%
 252  GoG_G1_31_Eh_ST                             54.15%    passed     44.91%
 253  GoG_G7_28_Eh_AN                              0.00%    passed     82.85%
 254  GoG_G4_54_Eh_BI                              0.00%    passed     82.85%
 255  GoG_G8_33_Eh_AN                              0.00%    passed     82.85%
 256  GoG_G9_7_Eh_GH                               0.00%    passed     82.85%
 257  GoG_G7_30_Eh_AN                              0.00%    passed     82.85%
 258  GoG_G1_35_Eh_ST                              0.00%    passed     82.85%
 259  GoG_G4_47_Eh_BI                              0.00%    passed     82.85%
 260  GoG_G8_93_Eh_GH                              0.00%    passed     78.27%
 261  GoG_G4_58_Eh_BI                              0.00%    passed     78.27%
 262  GoG_G2_88_Eh_ST_1                           52.82%    passed     74.78%
 263  GoG_G2_4_Eh_PR_2                             0.00%    passed     82.85%
 264  GoG_G2_68_Eh_ST                              0.00%    passed     86.26%
 265  GoG_G1_38_Eh_ST                              3.65%    passed     85.11%
 266  GoG_G5_1_Eh_GH_2                            24.25%    passed     55.32%
 267  GoG_G3_23_Eh_PR                              0.00%    passed     84.60%
 268  GoG_G4_6_Eh_ST                               0.00%    passed     84.60%
 269  GoG_G7_36_Eh_AN                              0.33%    passed     86.72%
 270  GoG_G2_92_Eh_ST                              0.00%    passed     82.65%
 271  GoG_G3_33_Eh_ST                              0.00%    passed     78.27%
 272  GoG_G8_42_Eh_AN                              0.00%    passed     82.65%
 273  GoG_G7_87_Eh_AN_2                            0.00%    passed     93.87%
 274  GoG_G5_4_Eh_GH_2                             0.00%    passed     89.66%
 275  GoG_G2_7_Eh_ST                               0.00%    passed     82.85%
 276  GoG_G6_89_Eh_BI                              0.00%    passed     78.27%
 277  GoG_G7_42_Eh_AN                              0.33%    passed     76.41%
 278  GoG_G9_53_Eh_GH                             27.24%    passed     58.96%
 279  GoG_G3_70_Eh_PR                              0.33%    passed     86.90%
 280  GoG_G8_35_Eh_AN                              0.33%    passed     86.72%
 281  GoG_G5_15_Eh_GH                              2.99%    passed     85.87%
 282  GoG_G6_57_Eh_BI_1                           61.46%    passed     33.36%
 283  GoG_G5_2_Eh_GH_2                            37.54%    passed     27.03%
 284  GoG_G5_3_Eh_GH                              37.54%    passed     27.03%
 285  GoG_G6_56_Eh_BI                             10.30%    passed     76.83%
 286  GoG_G2_46_Eh_ST_2                           10.63%    passed     90.43%
 287  GoG_G7_65_Eh_AN                              0.33%    passed     86.72%
 288  GoG_G9_25_Eh_GH                             65.45%    passed     64.89%
 289  GoG_G2_4_Eh_PR_1                            14.62%    passed     96.41%
 290  n1-08_Eid.hel_E3-106_B42977_KE               0.00%    passed     82.82%
 291  GoG_G1_16_Eh_ST                             30.56%    passed     56.19%
 292  GoG_G6_3_Eh_BI                               0.00%    passed     88.81%
 293  n1-14_Eid.hel_E-Nig-718_B42983_NI            0.00%    passed     88.81%
 294  Bartonella.sp_Eidolon.helvum_E3_B32138_NI    0.00%    passed     82.82%
 295  Bartonella.sp_Eidolon.helvum_E3_B39300_GH    0.00%    passed     82.82%
 296  n1-01_Rou.aeg_Ra-191_B42969_KE               0.00%    passed     70.94%
 297  GoG_G2_55_Ra_ST                              0.00%    passed     62.29%
 298  GoG_G10_31_Ra_GH                            57.81%    passed     55.14%
 299  n1-02_Rou.aeg_Ra-255_B42970_KE               0.00%    passed     49.66%
 300  GoG_G3_41_Ra_PR                              0.00%    passed     43.86%
 301  GoG_G3_14_Ra_PR                             24.58%    passed     61.02%
 302  n1-09_Eid.hel_Ew-111_B42978_KE               0.00%    passed     79.99%
 303  GoG_G7_31_Eh_AN_3                           22.26%    passed     68.11%
 304  GoG_G8_38_Eh_AN_2                            8.31%    passed     62.45%
 305  GoG_G7_74_Eh_AN_3                           36.21%    passed     46.71%
 306  GoG_G2_37_Eh_ST_1                           56.15%    passed     48.32%
 307  GoG_G7_68_Eh_AN_1                            4.32%    passed     63.24%
 308  GoG_G6_70_Eh_BI                              0.00%    passed     79.99%
 309  GoG_G6_91_Eh_BI                              0.00%    passed     79.99%
 310  GoG_G6_46_Eh_BI                              0.00%    passed     79.99%
 311  GoG_G8_53_Eh_AN_1                            0.00%    passed     79.99%
 312  GoG_G9_8_Eh_GH                               3.65%    passed     88.76%
 313  GoG_G7_87_Eh_AN_1                            0.00%    passed     79.99%
 314  GoG_G3_19_Eh_PR                             25.58%    passed     74.67%
 315  GoG_G8_38_Eh_AN_1                           42.86%    passed     74.75%
 316  GoG_G6_31_Eh_BI                              0.00%    passed     79.99%
 317  GoG_G6_83_Eh_BI                              0.00%    passed     79.99%
 318  GoG_G8_6_Eh_AN                               0.00%    passed     79.99%
 319  GoG_G2_83_Eh_PR                              2.99%    passed     84.57%
 320  GoG_G8_85_Eh_GH                              0.00%    passed     79.99%
 321  GoG_G1_41_Eh_PR                              0.00%    passed     79.99%
 322  GoG_G3_30_Eh_ST_1                            0.00%    passed     79.99%
 323  GoG_G2_44_Eh_PR                              0.00%    passed     79.99%
 324  GoG_G6_75_Eh_BI                              0.00%    passed     79.99%
 325  GoG_G8_72_Eh_GH                              0.00%    passed     79.99%
 326  GoG_G8_69_Eh_GH                              1.99%    passed     58.03%
 327  GoG_G2_63_Eh_ST                              0.00%    passed     79.99%
 328  GoG_G2_77_Eh_PR                              0.00%    passed     79.99%
 329  GoG_G8_70_Eh_GH                              0.00%    passed     79.99%
 330  GoG_G5_10_Eh_GH                              0.00%    passed     79.99%
 331  GoG_G3_32_Eh_ST                             25.58%    passed     51.60%
 332  GoG_G4_12_Eh_ST                             49.50%    passed     64.66%
 333  GoG_G3_61_Eh_ST                              0.00%    passed     79.99%
 334  GoG_G8_76_Eh_GH                              0.00%    passed     79.99%
 335  GoG_G4_91_Eh_BI                              0.00%    passed     79.99%
 336  GoG_G7_43_Eh_AN                              0.00%    passed     79.99%
 337  GoG_G6_49_Eh_BI                              0.00%    passed     79.99%
 338  GoG_G7_79_Eh_AN                              0.00%    passed     79.99%
 339  GoG_G7_83_Eh_AN                              0.00%    passed     79.99%
 340  GoG_G3_64_Eh_ST                              0.00%    passed     79.99%
 341  GoG_G8_81_Eh_GH                              0.00%    passed     79.99%
 342  GoG_G3_72_Eh_PR                              0.00%    passed     79.99%
 343  GoG_G6_48_Eh_BI                              0.00%    passed     79.99%
 344  GoG_G5_14_Eh_GH                              0.00%    passed     79.99%
 345  GoG_G2_12_Eh_PR                             49.50%    passed     64.66%
 346  GoG_G9_70_Eh_GH                             50.83%    passed     73.80%
 347  GoG_G8_7_Eh_AN                               0.00%    passed     79.99%
 348  GoG_G1_12_Eh_ST                              3.65%    passed     88.76%
 349  GoG_G5_4_Eh_GH_1                             0.00%    passed     79.99%
 350  GoG_G8_4_Eh_AN                               0.00%    passed     79.99%
 351  GoG_G9_68_Eh_GH                              0.00%    passed     79.99%
 352  GoG_G9_22_Eh_GH                              0.00%    passed     79.99%
 353  GoG_G6_30_Eh_BI                              0.00%    passed     79.99%
 354  GoG_G6_42_Eh_BI                              0.00%    passed     79.99%
 355  GoG_G6_43_Eh_BI                              0.00%    passed     79.99%
 356  GoG_G2_39_Eh_ST                              0.00%    passed     79.99%
 357  GoG_G2_51_Eh_ST                              0.00%    passed     79.99%
 358  GoG_G9_15_Eh_GH_2                            0.00%    passed     79.99%
 359  GoG_G9_73_Eh_GH                              0.00%    passed     79.99%
 360  GoG_G7_46_Eh_AN                              0.33%    passed     80.44%
 361  GoG_G4_77_Eh_BI_2                            0.00%    passed     79.99%
 362  GoG_G4_90_Eh_BI                              0.00%    passed     79.99%
 363  GoG_G6_78_Eh_BI                              0.00%    passed     79.99%
 364  GoG_G8_41_Eh_AN_1                            0.00%    passed     83.31%
 365  GoG_G7_37_Eh_AN                              0.00%    passed     79.99%
 366  GoG_G7_77_Eh_AN                              0.00%    passed     79.99%
 367  GoG_G7_63_Eh_AN                              0.00%    passed     79.99%
 368  GoG_G9_49_Eh_GH                              0.00%    passed     79.99%
 369  GoG_G7_85_Eh_AN                              0.00%    passed     79.99%
 370  GoG_G7_73_Eh_AN                              0.00%    passed     79.99%
 371  GoG_G7_66_Eh_AN                              0.00%    passed     79.99%
 372  GoG_G7_75_Eh_AN                              0.00%    passed     79.99%
 373  GoG_G6_19_Eh_BI                              0.00%    passed     79.99%
 374  GoG_G2_82_Eh_PR                              0.00%    passed     79.99%
 375  GoG_G4_11_Eh_ST                              0.00%    passed     79.99%
 376  GoG_G3_69_Eh_ST                              0.00%    passed     79.99%
 377  GoG_G3_85_Eh_PR                              0.00%    passed     79.99%
 378  GoG_G4_44_Eh_BI                              0.00%    passed     79.99%
 379  GoG_G4_57_Eh_BI                              0.00%    passed     79.99%
 380  GoG_G4_67_Eh_BI                              0.00%    passed     79.99%
 381  GoG_G4_46_Eh_BI                              0.00%    passed     79.99%
 382  GoG_G4_69_Eh_BI                              0.00%    passed     79.99%
 383  GoG_G4_79_Eh_BI                              0.00%    passed     79.99%
 384  GoG_G4_18_Eh_ST                              0.00%    passed     79.99%
 385  GoG_G2_86_Eh_ST                              0.00%    passed     79.99%
 386  GoG_G6_87_Eh_BI                              0.00%    passed     79.99%
 387  GoG_G6_62_Eh_BI                              0.00%    passed     79.99%
 388  GoG_G8_13_Eh_AN                              0.00%    passed     79.99%
 389  GoG_G2_94_Eh_ST                              0.00%    passed     79.99%
 390  GoG_G7_70_Eh_AN                              0.00%    passed     79.99%
 391  GoG_G1_5_Eh_PR                              10.96%    passed     84.49%
 392  GoG_G2_18_Eh_PR                              0.00%    passed     79.99%
 393  GoG_G8_26_Eh_AN                              0.00%    passed     79.99%
 394  GoG_G8_10_Eh_AN                              0.00%    passed     79.99%
 395  GoG_G5_6_Eh_GH                               4.65%    passed     79.80%
 396  GoG_G9_10_Eh_GH                              6.64%    passed     85.94%
 397  GoG_G9_12_Eh_GH                              0.00%    passed     79.99%
 398  GoG_G9_23_Eh_GH                              0.00%    passed     79.99%
 399  GoG_G7_35_Eh_AN                              0.00%    passed     79.99%
 400  GoG_G8_49_Eh_AN                              0.00%    passed     79.99%
 401  GoG_G4_76_Eh_BI                              0.00%    passed     79.99%
 402  GoG_G7_33_Eh_AN                              0.00%    passed     79.99%
 403  GoG_G8_54_Eh_AN                              0.00%    passed     79.99%
 404  GoG_G4_51_Eh_BI                              0.00%    passed     79.99%
 405  GoG_G7_41_Eh_AN                              0.00%    passed     79.99%
 406  GoG_G7_10_Eh_BI                              0.00%    passed     79.99%
 407  GoG_G8_8_Eh_AN                               0.00%    passed     79.99%
 408  GoG_G7_39_Eh_AN                              0.00%    passed     79.99%
 409  GoG_G8_31_Eh_AN                              0.00%    passed     79.99%
 410  GoG_G7_24_Eh_AN                              0.33%    passed     80.44%
 411  GoG_G4_53_Eh_BI                              0.00%    passed     79.99%
 412  GoG_G9_62_Eh_GH                             19.27%    passed     71.16%
 413  GoG_G2_1_Eh_ST                              33.22%    passed     56.17%
 414  GoG_G2_2_Eh_ST_1                            33.22%    passed     56.17%
 415  GoG_G2_5_Eh_ST_2                            68.44%    passed     82.86%
 416  GoG_G7_6_Eh_BI                               0.00%    passed     79.99%
 417  GoG_G3_12_Eh_PR                              0.00%    passed     79.99%
 418  GoG_G4_2_Eh_ST_2                             0.00%    passed     79.99%
 419  GoG_G4_3_Eh_PR                               0.00%    passed     79.99%
 420  GoG_G2_37_Eh_ST_2                            0.00%    passed     79.99%
 421  GoG_G8_17_Eh_AN                              0.00%    passed     79.99%
 422  GoG_G10_5_Eh_GH                              0.00%    passed     79.99%
 423  GoG_G7_19_Eh_BI                              0.33%    passed     80.44%
 424  GoG_G10_1_Eh_GH                              0.33%    passed     80.44%
 425  GoG_G2_71_Eh_PR                              0.33%    passed     80.44%
 426  GoG_G10_4_Eh_GH                              0.33%    passed     80.44%
 427  GoG_G9_35_Eh_GH                              0.00%    passed     79.99%
 428  GoG_G9_37_Eh_GH                              0.00%    passed     79.99%
 429  GoG_G8_25_Eh_AN_2                            0.00%    passed     79.99%
 430  GoG_G2_24_Eh_ST                              0.00%    passed     79.99%
 431  GoG_G2_81_Eh_PR                              0.00%    passed     79.99%
 432  GoG_G4_49_Eh_BI                              0.00%    passed     79.99%
 433  GoG_G8_27_Eh_AN                              0.00%    passed     79.99%
 434  GoG_G10_6_Eh_GH                              0.00%    passed     79.99%
 435  GoG_G3_43_Eh_ST                              0.00%    passed     79.99%
 436  GoG_G7_23_Eh_AN                              0.00%    passed     79.99%
 437  GoG_G7_93_Eh_AN_2                           25.25%    passed     70.51%
 438  GoG_G7_15_Eh_BI                              0.00%    passed     79.99%
 439  GoG_G5_11_Eh_GH                              0.00%    passed     79.99%
 440  GoG_G9_48_Eh_GH                              0.00%    passed     79.99%
 441  GoG_G1_27_Eh_ST                              0.00%    passed     79.99%
 442  GoG_G9_24_Eh_GH                              2.99%    passed     68.10%
 443  GoG_G9_38_Eh_GH                              0.00%    passed     79.99%
 444  GoG_G2_89_Eh_ST                              0.00%    passed     79.99%
 445  GoG_G6_72_Eh_BI                              0.33%    passed     80.44%
 446  GoG_G4_15_Eh_PR_2                           23.59%    passed     75.01%
 447  GoG_G7_78_Eh_AN                              0.00%    passed     79.99%
 448  GoG_G3_44_Eh_PR                              0.00%    passed     79.99%
 449  GoG_G3_52_Eh_ST                              0.00%    passed     79.99%
 450  GoG_G4_33_Eh_BI                              0.00%    passed     79.99%
 451  GoG_G11_2_Eh_GH                              0.00%    passed     79.99%
 452  GoG_G11_17_Eh_GH                             0.00%    passed     79.99%
 453  GoG_G3_27_Eh_PR_2                            0.00%    passed     79.14%
 454  GoG_G6_28_Eh_BI                              0.00%    passed     79.99%
 455  GoG_G6_18_Eh_BI                              0.00%    passed     79.99%
 456  GoG_G4_13_Eh_ST                              0.00%    passed     79.99%
 457  GoG_G7_27_Eh_AN                              0.33%    passed     78.67%
 458  GoG_G6_71_Eh_BI                             10.30%    passed     61.66%
 459  GoG_G7_38_Eh_AN                              0.33%    passed     75.25%
 460  GoG_G3_86_Eh_ST                              0.33%    passed     80.44%
 461  GoG_G2_67_Eh_ST                              0.00%    passed     79.99%
 462  GoG_G7_34_Eh_AN                              0.00%    passed     79.99%
 463  GoG_G8_28_Eh_AN                              0.00%    passed     79.99%
 464  GoG_G3_71_Eh_PR_1                            5.65%    passed     62.38%
 465  GoG_G2_45_Eh_ST_2                           42.52%    passed     64.18%
 466  GoG_G4_74_Eh_BI                              0.00%    passed     79.99%
 467  GoG_G8_30_Eh_AN                              0.00%    passed     79.99%
 468  GoG_G6_64_Eh_BI                              0.33%    passed     78.67%
 469  GoG_G4_68_Eh_BI                              0.33%    passed     80.44%
 470  GoG_G2_19_Eh_ST                              3.65%    passed     87.77%
 471  GoG_G4_78_Eh_BI                              0.33%    passed     80.44%
 472  GoG_G1_25_Eh_ST                              1.33%    passed     79.60%
 473  GoG_G9_30_Eh_GH                              0.00%    passed     77.76%
 474  GoG_G4_19_Eh_ST                              0.00%    passed     79.99%
 475  GoG_G7_86_Eh_AN                              0.33%    passed     80.44%
 476  GoG_G7_74_Eh_AN_4                           24.25%    passed     73.17%
 477  GoG_G5_8_Eh_GH                               3.32%    passed     83.59%
 478  GoG_G7_80_Eh_AN_2                            0.00%    passed     75.32%
 479  GoG_G7_26_Eh_AN                              0.00%    passed     79.99%
 480  GoG_G11_9_Eh_GH                              3.65%    passed     63.96%
 481  GoG_G11_14_Eh_GH                             1.66%    passed     68.30%
 482  GoG_G11_18_Eh_GH                             1.33%    passed     66.24%
 483  GoG_G7_51_Eh_AN_2                            0.33%    passed     80.56%
 484  GoG_G8_2_Eh_AN                               0.00%    passed     79.99%
 485  GoG_G8_5_Eh_AN                               0.33%    passed     78.67%
 486  GoG_G3_35_Eh_ST                              0.00%    passed     79.99%
 487  GoG_G8_86_Eh_GH                              0.00%    passed     79.99%
 488  GoG_G7_31_Eh_AN_4                           23.92%    passed     70.97%
 489  GoG_G8_80_Eh_GH                              2.33%    passed     51.74%
 490  GoG_G3_83_Eh_PR_1                            5.65%    passed     73.17%
 491  GoG_G4_2_Eh_ST_1                            10.63%    passed     66.86%
 492  GoG_G7_93_Eh_AN_1                           28.57%    passed     71.99%
 493  GoG_G2_8_Eh_ST                               0.33%    passed     78.67%
 494  GoG_G9_15_Eh_GH_1                           63.79%    failed      0.38%
 495  GoG_G2_5_Eh_ST_1                            70.76%    passed     96.10%
 496  GoG_G5_1_Eh_GH_1                            31.23%    passed     76.66%
 497  GoG_G4_15_Eh_PR_1                           58.14%    passed     97.21%
 498  GoG_G2_91_Eh_ST                             62.13%    passed     37.64%
 499  Eh6-0510-A106_GH                             0.00%    passed     58.86%
 500  Eh6-1109-Q131_GH                             0.33%    passed     65.25%
WARNING: 18 sequences contain more than 50% gaps/ambiguity
****  TOTAL                                        5.32%  1 sequences failed composition chi2 test (p-value<5%; df=3)
NOTE: GoG_G3_54_Eh_PR is identical to GoG_G6_68_Eh_BI but kept for subsequent analysis
NOTE: GoG_G3_30_Eh_ST_2 is identical to Bartonella.sp_Eidolon.helvum_E4_B39301_GH but kept for subsequent analysis
NOTE: GoG_G6_58_Eh_BI_2 is identical to GoG_G2_93_Eh_ST but kept for subsequent analysis
NOTE: n1-13_Eid.hel_E-Nig-712_B42982_NI is identical to n1-06_Eid.hel_E1-105_B42975_KE but kept for subsequent analysis
NOTE: GoG_G2_52_Eh_PR_1 is identical to GoG_G2_34_Eh_ST_1 but kept for subsequent analysis
NOTE: GoG_G8_55_Eh_AN is identical to n1-07_Eid.hel_E2-114_B42976_KE but kept for subsequent analysis
NOTE: GoG_G3_66_Eh_PR is identical to Bartonella.sp_Eidolon.helvum_E2_B40400_TA but kept for subsequent analysis
NOTE: GoG_G3_75_Eh_PR is identical to GoG_G2_70_Eh_ST but kept for subsequent analysis
NOTE: GoG_G7_53_Eh_AN_2 is identical to Bartonella.sp_Eidolon.helvum_E5_B39233_GH but kept for subsequent analysis
NOTE: GoG_G6_74_Eh_BI is identical to Bartonella.sp_Eidolon.helvum_E5_B40014_TA but kept for subsequent analysis
NOTE: GoG_G7_92_Eh_AN is identical to Bartonella.sp_Eidolon.helvum_E5_B39296_GH but kept for subsequent analysis
NOTE: GoG_G4_7_Eh_ST is identical to GoG_G4_77_Eh_BI_1 but kept for subsequent analysis
NOTE: GoG_G5_2_Eh_GH_1 is identical to GoG_G1_6_Eh_PR but kept for subsequent analysis
NOTE: Bartonella.sp_Eidolon.helvum_E5_B40908_UG is identical to GoG_G2_80_Eh_ST but kept for subsequent analysis
NOTE: GoG_G2_50_Eh_ST is identical to GoG_G2_3_Eh_PR but kept for subsequent analysis
NOTE: GoG_G2_68_Eh_ST is identical to GoG_G6_35_Eh_BI but kept for subsequent analysis
NOTE: GoG_G3_91_Eh_ST is identical to Bartonella.sp_Eidolon.helvum_E5_B39249_GH but kept for subsequent analysis
NOTE: GoG_G4_6_Eh_ST is identical to GoG_G3_23_Eh_PR but kept for subsequent analysis
NOTE: GoG_G5_3_Eh_GH is identical to GoG_G5_2_Eh_GH_2 but kept for subsequent analysis
NOTE: n1-14_Eid.hel_E-Nig-718_B42983_NI is identical to GoG_G6_3_Eh_BI but kept for subsequent analysis
NOTE: Bartonella.sp_Eidolon.helvum_E3_B39300_GH is identical to Bartonella.sp_Eidolon.helvum_E3_B32138_NI but kept for subsequent analysis
NOTE: GoG_G6_70_Eh_BI is identical to n1-09_Eid.hel_Ew-111_B42978_KE but kept for subsequent analysis
NOTE: GoG_G1_12_Eh_ST is identical to GoG_G9_8_Eh_GH but kept for subsequent analysis
NOTE: GoG_G2_12_Eh_PR is identical to GoG_G4_12_Eh_ST but kept for subsequent analysis
NOTE: GoG_G7_24_Eh_AN is identical to GoG_G7_46_Eh_AN but kept for subsequent analysis
NOTE: GoG_G2_2_Eh_ST_1 is identical to GoG_G2_1_Eh_ST but kept for subsequent analysis
NOTE: 267 identical sequences (see below) will be ignored for subsequent analysis
NOTE: GoG_G7_47_Eh_AN (identical to GoG_G6_68_Eh_BI) is ignored but added at the end
NOTE: GoG_G3_59_Eh_ST (identical to Bartonella.sp_Eidolon.helvum_E4_B39301_GH) is ignored but added at the end
NOTE: GoG_G6_63_Eh_BI (identical to Bartonella.sp_Eidolon.helvum_E4_B39301_GH) is ignored but added at the end
NOTE: GoG_G10_7_Eh_GH (identical to Bartonella.sp_Eidolon.helvum_E4_B39301_GH) is ignored but added at the end
NOTE: GoG_G11_1_Eh_GH (identical to Bartonella.sp_Eidolon.helvum_E4_B39301_GH) is ignored but added at the end
NOTE: GoG_G3_82_Eh_PR (identical to Bartonella.sp_Eidolon.helvum_E4_B39301_GH) is ignored but added at the end
NOTE: GoG_G9_56_Eh_GH (identical to Bartonella.sp_Eidolon.helvum_E4_B39301_GH) is ignored but added at the end
NOTE: GoG_G6_92_Eh_BI (identical to Bartonella.sp_Eidolon.helvum_E4_B39301_GH) is ignored but added at the end
NOTE: GoG_G5_13_Eh_GH (identical to Bartonella.sp_Eidolon.helvum_E4_B39301_GH) is ignored but added at the end
NOTE: GoG_G2_38_Eh_ST (identical to Bartonella.sp_Eidolon.helvum_E4_B39301_GH) is ignored but added at the end
NOTE: GoG_G3_81_Eh_PR (identical to Bartonella.sp_Eidolon.helvum_E4_B39301_GH) is ignored but added at the end
NOTE: GoG_G6_88_Eh_BI (identical to Bartonella.sp_Eidolon.helvum_E4_B39301_GH) is ignored but added at the end
NOTE: GoG_G3_7_Eh_ST (identical to Bartonella.sp_Eidolon.helvum_E4_B39301_GH) is ignored but added at the end
NOTE: GoG_G4_41_Eh_BI (identical to Bartonella.sp_Eidolon.helvum_E4_B39301_GH) is ignored but added at the end
NOTE: GoG_G3_5_Eh_ST (identical to Bartonella.sp_Eidolon.helvum_E4_B39301_GH) is ignored but added at the end
NOTE: GoG_G3_80_Eh_PR (identical to Bartonella.sp_Eidolon.helvum_E4_B39301_GH) is ignored but added at the end
NOTE: GoG_G4_16_Eh_PR (identical to Bartonella.sp_Eidolon.helvum_E4_B39301_GH) is ignored but added at the end
NOTE: GoG_G7_13_Eh_BI (identical to Bartonella.sp_Eidolon.helvum_E4_B39301_GH) is ignored but added at the end
NOTE: GoG_G3_47_Eh_ST (identical to n1-06_Eid.hel_E1-105_B42975_KE) is ignored but added at the end
NOTE: GoG_G7_45_Eh_AN_1 (identical to n1-06_Eid.hel_E1-105_B42975_KE) is ignored but added at the end
NOTE: GoG_G3_78_Eh_PR (identical to n1-06_Eid.hel_E1-105_B42975_KE) is ignored but added at the end
NOTE: GoG_G3_79_Eh_PR (identical to n1-06_Eid.hel_E1-105_B42975_KE) is ignored but added at the end
NOTE: GoG_G4_24_Eh_ST (identical to n1-06_Eid.hel_E1-105_B42975_KE) is ignored but added at the end
NOTE: GoG_G7_60_Eh_AN (identical to n1-06_Eid.hel_E1-105_B42975_KE) is ignored but added at the end
NOTE: GoG_G7_89_Eh_AN (identical to n1-06_Eid.hel_E1-105_B42975_KE) is ignored but added at the end
NOTE: GoG_G7_53_Eh_AN_1 (identical to n1-06_Eid.hel_E1-105_B42975_KE) is ignored but added at the end
NOTE: GoG_G4_27_Eh_ST (identical to n1-06_Eid.hel_E1-105_B42975_KE) is ignored but added at the end
NOTE: GoG_G1_43_Eh_UNK (identical to n1-06_Eid.hel_E1-105_B42975_KE) is ignored but added at the end
NOTE: GoG_G3_38_Eh_PR (identical to n1-06_Eid.hel_E1-105_B42975_KE) is ignored but added at the end
NOTE: GoG_G2_87_Eh_ST (identical to n1-06_Eid.hel_E1-105_B42975_KE) is ignored but added at the end
NOTE: GoG_G7_57_Eh_AN (identical to n1-06_Eid.hel_E1-105_B42975_KE) is ignored but added at the end
NOTE: GoG_G8_1_Eh_AN (identical to n1-06_Eid.hel_E1-105_B42975_KE) is ignored but added at the end
NOTE: GoG_G4_23_Eh_ST (identical to n1-06_Eid.hel_E1-105_B42975_KE) is ignored but added at the end
NOTE: GoG_G7_50_Eh_AN (identical to n1-06_Eid.hel_E1-105_B42975_KE) is ignored but added at the end
NOTE: GoG_G3_45_Eh_PR (identical to n1-06_Eid.hel_E1-105_B42975_KE) is ignored but added at the end
NOTE: GoG_G3_55_Eh_PR (identical to n1-06_Eid.hel_E1-105_B42975_KE) is ignored but added at the end
NOTE: GoG_G3_48_Eh_ST (identical to n1-06_Eid.hel_E1-105_B42975_KE) is ignored but added at the end
NOTE: GoG_G4_85_Eh_BI (identical to n1-06_Eid.hel_E1-105_B42975_KE) is ignored but added at the end
NOTE: GoG_G1_42_Eh_ST (identical to n1-06_Eid.hel_E1-105_B42975_KE) is ignored but added at the end
NOTE: GoG_G7_17_Eh_BI (identical to n1-06_Eid.hel_E1-105_B42975_KE) is ignored but added at the end
NOTE: GoG_G8_32_Eh_AN (identical to n1-06_Eid.hel_E1-105_B42975_KE) is ignored but added at the end
NOTE: GoG_G3_60_Eh_ST (identical to n1-06_Eid.hel_E1-105_B42975_KE) is ignored but added at the end
NOTE: GoG_G2_73_Eh_PR (identical to GoG_G2_34_Eh_ST_1) is ignored but added at the end
NOTE: GoG_G2_31_Eh_PR (identical to GoG_G2_34_Eh_ST_1) is ignored but added at the end
NOTE: GoG_G4_14_Eh_ST (identical to GoG_G2_34_Eh_ST_1) is ignored but added at the end
NOTE: Bartonella.sp_Eidolon.helvum_E2_B23979_KE (identical to n1-07_Eid.hel_E2-114_B42976_KE) is ignored but added at the end
NOTE: Bartonella.sp_Eidolon.helvum_E2_B39294_GH (identical to n1-07_Eid.hel_E2-114_B42976_KE) is ignored but added at the end
NOTE: GoG_G3_50_Eh_ST (identical to n1-07_Eid.hel_E2-114_B42976_KE) is ignored but added at the end
NOTE: GoG_G2_33_Eh_ST (identical to n1-07_Eid.hel_E2-114_B42976_KE) is ignored but added at the end
NOTE: GoG_G9_5_Eh_GH (identical to n1-07_Eid.hel_E2-114_B42976_KE) is ignored but added at the end
NOTE: GoG_G9_20_Eh_GH (identical to n1-07_Eid.hel_E2-114_B42976_KE) is ignored but added at the end
NOTE: GoG_G3_22_Eh_PR (identical to Bartonella.sp_Eidolon.helvum_E2_B40400_TA) is ignored but added at the end
NOTE: GoG_G3_16_Eh_PR (identical to Bartonella.sp_Eidolon.helvum_E2_B40400_TA) is ignored but added at the end
NOTE: GoG_G7_64_Eh_AN (identical to Bartonella.sp_Eidolon.helvum_E5_B39233_GH) is ignored but added at the end
NOTE: GoG_G7_90_Eh_AN (identical to Bartonella.sp_Eidolon.helvum_E5_B39233_GH) is ignored but added at the end
NOTE: GoG_G7_45_Eh_AN_2 (identical to Bartonella.sp_Eidolon.helvum_E5_B39233_GH) is ignored but added at the end
NOTE: GoG_G6_26_Eh_BI (identical to Bartonella.sp_Eidolon.helvum_E5_B39233_GH) is ignored but added at the end
NOTE: GoG_G6_25_Eh_BI (identical to Bartonella.sp_Eidolon.helvum_E5_B39233_GH) is ignored but added at the end
NOTE: GoG_G6_53_Eh_BI (identical to Bartonella.sp_Eidolon.helvum_E5_B39233_GH) is ignored but added at the end
NOTE: GoG_G3_62_Eh_ST (identical to Bartonella.sp_Eidolon.helvum_E5_B39233_GH) is ignored but added at the end
NOTE: GoG_G7_81_Eh_AN (identical to Bartonella.sp_Eidolon.helvum_E5_B39233_GH) is ignored but added at the end
NOTE: GoG_G4_48_Eh_BI (identical to Bartonella.sp_Eidolon.helvum_E5_B39233_GH) is ignored but added at the end
NOTE: GoG_G7_54_Eh_AN (identical to Bartonella.sp_Eidolon.helvum_E5_B39233_GH) is ignored but added at the end
NOTE: GoG_G1_36_Eh_ST (identical to Bartonella.sp_Eidolon.helvum_E5_B39233_GH) is ignored but added at the end
NOTE: GoG_G8_36_Eh_AN (identical to Bartonella.sp_Eidolon.helvum_E5_B39233_GH) is ignored but added at the end
NOTE: GoG_G7_67_Eh_AN (identical to Bartonella.sp_Eidolon.helvum_E5_B39233_GH) is ignored but added at the end
NOTE: GoG_G4_38_Eh_BI (identical to Bartonella.sp_Eidolon.helvum_E5_B39233_GH) is ignored but added at the end
NOTE: GoG_G2_66_Eh_ST (identical to Bartonella.sp_Eidolon.helvum_E5_B39233_GH) is ignored but added at the end
NOTE: GoG_G6_11_Eh_BI (identical to Bartonella.sp_Eidolon.helvum_E5_B39233_GH) is ignored but added at the end
NOTE: GoG_G7_40_Eh_AN (identical to Bartonella.sp_Eidolon.helvum_E5_B39233_GH) is ignored but added at the end
NOTE: GoG_G2_36_Eh_ST (identical to Bartonella.sp_Eidolon.helvum_E5_B39233_GH) is ignored but added at the end
NOTE: GoG_G2_58_Eh_ST (identical to Bartonella.sp_Eidolon.helvum_E5_B39233_GH) is ignored but added at the end
NOTE: GoG_G8_18_Eh_AN (identical to Bartonella.sp_Eidolon.helvum_E5_B39233_GH) is ignored but added at the end
NOTE: GoG_G7_22_Eh_AN (identical to Bartonella.sp_Eidolon.helvum_E5_B39233_GH) is ignored but added at the end
NOTE: GoG_G7_29_Eh_AN (identical to Bartonella.sp_Eidolon.helvum_E5_B39233_GH) is ignored but added at the end
NOTE: GoG_G7_80_Eh_AN_1 (identical to Bartonella.sp_Eidolon.helvum_E5_B39233_GH) is ignored but added at the end
NOTE: GoG_G11_7_Eh_GH (identical to Bartonella.sp_Eidolon.helvum_E5_B39233_GH) is ignored but added at the end
NOTE: GoG_G3_89_Eh_ST (identical to Bartonella.sp_Eidolon.helvum_E5_B39233_GH) is ignored but added at the end
NOTE: GoG_G8_53_Eh_AN_2 (identical to Bartonella.sp_Eidolon.helvum_E5_B39233_GH) is ignored but added at the end
NOTE: GoG_G8_87_Eh_GH (identical to Bartonella.sp_Eidolon.helvum_E5_B39233_GH) is ignored but added at the end
NOTE: GoG_G8_93_Eh_GH (identical to Bartonella.sp_Eidolon.helvum_E5_B39233_GH) is ignored but added at the end
NOTE: GoG_G3_33_Eh_ST (identical to Bartonella.sp_Eidolon.helvum_E5_B39233_GH) is ignored but added at the end
NOTE: GoG_G11_4_Eh_GH (identical to Bartonella.sp_Eidolon.helvum_E5_B40014_TA) is ignored but added at the end
NOTE: GoG_G4_29_Eh_BI (identical to Bartonella.sp_Eidolon.helvum_E5_B40014_TA) is ignored but added at the end
NOTE: GoG_G7_52_Eh_AN (identical to Bartonella.sp_Eidolon.helvum_E5_B40014_TA) is ignored but added at the end
NOTE: GoG_G3_21_Eh_PR (identical to Bartonella.sp_Eidolon.helvum_E5_B39296_GH) is ignored but added at the end
NOTE: GoG_G11_16_Eh_GH (identical to Bartonella.sp_Eidolon.helvum_E5_B39296_GH) is ignored but added at the end
NOTE: GoG_G8_57_Eh_AN (identical to Bartonella.sp_Eidolon.helvum_E5_B39296_GH) is ignored but added at the end
NOTE: GoG_G4_58_Eh_BI (identical to Bartonella.sp_Eidolon.helvum_E5_B39296_GH) is ignored but added at the end
NOTE: GoG_G6_89_Eh_BI (identical to Bartonella.sp_Eidolon.helvum_E5_B39296_GH) is ignored but added at the end
NOTE: GoG_G2_90_Eh_ST (identical to GoG_G4_77_Eh_BI_1) is ignored but added at the end
NOTE: GoG_G7_71_Eh_AN (identical to GoG_G4_77_Eh_BI_1) is ignored but added at the end
NOTE: GoG_G7_55_Eh_AN (identical to GoG_G4_77_Eh_BI_1) is ignored but added at the end
NOTE: GoG_G7_56_Eh_AN (identical to GoG_G4_77_Eh_BI_1) is ignored but added at the end
NOTE: GoG_G3_90_Eh_ST (identical to GoG_G4_77_Eh_BI_1) is ignored but added at the end
NOTE: GoG_G7_51_Eh_AN_1 (identical to GoG_G4_77_Eh_BI_1) is ignored but added at the end
NOTE: GoG_G6_47_Eh_BI (identical to GoG_G4_77_Eh_BI_1) is ignored but added at the end
NOTE: GoG_G7_62_Eh_AN (identical to GoG_G4_77_Eh_BI_1) is ignored but added at the end
NOTE: GoG_G8_90_Eh_GH (identical to GoG_G4_77_Eh_BI_1) is ignored but added at the end
NOTE: GoG_G8_51_Eh_AN (identical to GoG_G4_77_Eh_BI_1) is ignored but added at the end
NOTE: GoG_G3_49_Eh_ST (identical to GoG_G4_77_Eh_BI_1) is ignored but added at the end
NOTE: GoG_G3_53_Eh_ST (identical to GoG_G4_77_Eh_BI_1) is ignored but added at the end
NOTE: GoG_G9_19_Eh_GH (identical to GoG_G4_77_Eh_BI_1) is ignored but added at the end
NOTE: GoG_G6_40_Eh_BI (identical to GoG_G4_77_Eh_BI_1) is ignored but added at the end
NOTE: GoG_G3_27_Eh_PR_1 (identical to GoG_G4_77_Eh_BI_1) is ignored but added at the end
NOTE: GoG_G7_88_Eh_AN (identical to GoG_G4_77_Eh_BI_1) is ignored but added at the end
NOTE: GoG_G7_59_Eh_AN (identical to GoG_G4_77_Eh_BI_1) is ignored but added at the end
NOTE: GoG_G8_91_Eh_GH (identical to GoG_G4_77_Eh_BI_1) is ignored but added at the end
NOTE: GoG_G6_90_Eh_BI (identical to GoG_G4_77_Eh_BI_1) is ignored but added at the end
NOTE: GoG_G6_50_Eh_BI (identical to GoG_G4_77_Eh_BI_1) is ignored but added at the end
NOTE: GoG_G2_54_Eh_PR (identical to GoG_G4_77_Eh_BI_1) is ignored but added at the end
NOTE: GoG_G8_40_Eh_AN (identical to GoG_G4_77_Eh_BI_1) is ignored but added at the end
NOTE: GoG_G3_51_Eh_ST (identical to GoG_G4_77_Eh_BI_1) is ignored but added at the end
NOTE: GoG_G6_27_Eh_BI (identical to GoG_G4_77_Eh_BI_1) is ignored but added at the end
NOTE: GoG_G6_8_Eh_BI (identical to GoG_G4_77_Eh_BI_1) is ignored but added at the end
NOTE: GoG_G4_10_Eh_ST (identical to GoG_G4_77_Eh_BI_1) is ignored but added at the end
NOTE: GoG_G2_27_Eh_ST (identical to GoG_G4_77_Eh_BI_1) is ignored but added at the end
NOTE: GoG_G7_4_Eh_BI (identical to GoG_G4_77_Eh_BI_1) is ignored but added at the end
NOTE: GoG_G6_93_Eh_BI (identical to GoG_G4_77_Eh_BI_1) is ignored but added at the end
NOTE: GoG_G11_10_Eh_GH (identical to GoG_G4_77_Eh_BI_1) is ignored but added at the end
NOTE: GoG_G3_67_Eh_ST (identical to GoG_G4_77_Eh_BI_1) is ignored but added at the end
NOTE: GoG_G2_23_Eh_ST (identical to GoG_G4_77_Eh_BI_1) is ignored but added at the end
NOTE: GoG_G3_87_Eh_ST (identical to GoG_G4_77_Eh_BI_1) is ignored but added at the end
NOTE: GoG_G2_59_Eh_ST (identical to GoG_G4_77_Eh_BI_1) is ignored but added at the end
NOTE: GoG_G2_92_Eh_ST (identical to GoG_G4_77_Eh_BI_1) is ignored but added at the end
NOTE: GoG_G11_12_Eh_GH (identical to GoG_G2_80_Eh_ST) is ignored but added at the end
NOTE: GoG_G8_16_Eh_AN (identical to GoG_G2_3_Eh_PR) is ignored but added at the end
NOTE: GoG_G6_59_Eh_BI (identical to Bartonella.sp_Eidolon.helvum_E5_B39249_GH) is ignored but added at the end
NOTE: GoG_G3_17_Eh_PR (identical to Bartonella.sp_Eidolon.helvum_E5_B39249_GH) is ignored but added at the end
NOTE: GoG_G7_28_Eh_AN (identical to Bartonella.sp_Eidolon.helvum_E5_B39249_GH) is ignored but added at the end
NOTE: GoG_G4_54_Eh_BI (identical to Bartonella.sp_Eidolon.helvum_E5_B39249_GH) is ignored but added at the end
NOTE: GoG_G8_33_Eh_AN (identical to Bartonella.sp_Eidolon.helvum_E5_B39249_GH) is ignored but added at the end
NOTE: GoG_G9_7_Eh_GH (identical to Bartonella.sp_Eidolon.helvum_E5_B39249_GH) is ignored but added at the end
NOTE: GoG_G7_30_Eh_AN (identical to Bartonella.sp_Eidolon.helvum_E5_B39249_GH) is ignored but added at the end
NOTE: GoG_G1_35_Eh_ST (identical to Bartonella.sp_Eidolon.helvum_E5_B39249_GH) is ignored but added at the end
NOTE: GoG_G4_47_Eh_BI (identical to Bartonella.sp_Eidolon.helvum_E5_B39249_GH) is ignored but added at the end
NOTE: GoG_G2_7_Eh_ST (identical to Bartonella.sp_Eidolon.helvum_E5_B39249_GH) is ignored but added at the end
NOTE: GoG_G6_91_Eh_BI (identical to n1-09_Eid.hel_Ew-111_B42978_KE) is ignored but added at the end
NOTE: GoG_G6_46_Eh_BI (identical to n1-09_Eid.hel_Ew-111_B42978_KE) is ignored but added at the end
NOTE: GoG_G8_53_Eh_AN_1 (identical to n1-09_Eid.hel_Ew-111_B42978_KE) is ignored but added at the end
NOTE: GoG_G7_87_Eh_AN_1 (identical to n1-09_Eid.hel_Ew-111_B42978_KE) is ignored but added at the end
NOTE: GoG_G6_31_Eh_BI (identical to n1-09_Eid.hel_Ew-111_B42978_KE) is ignored but added at the end
NOTE: GoG_G6_83_Eh_BI (identical to n1-09_Eid.hel_Ew-111_B42978_KE) is ignored but added at the end
NOTE: GoG_G8_6_Eh_AN (identical to n1-09_Eid.hel_Ew-111_B42978_KE) is ignored but added at the end
NOTE: GoG_G8_85_Eh_GH (identical to n1-09_Eid.hel_Ew-111_B42978_KE) is ignored but added at the end
NOTE: GoG_G1_41_Eh_PR (identical to n1-09_Eid.hel_Ew-111_B42978_KE) is ignored but added at the end
NOTE: GoG_G3_30_Eh_ST_1 (identical to n1-09_Eid.hel_Ew-111_B42978_KE) is ignored but added at the end
NOTE: GoG_G2_44_Eh_PR (identical to n1-09_Eid.hel_Ew-111_B42978_KE) is ignored but added at the end
NOTE: GoG_G6_75_Eh_BI (identical to n1-09_Eid.hel_Ew-111_B42978_KE) is ignored but added at the end
NOTE: GoG_G8_72_Eh_GH (identical to n1-09_Eid.hel_Ew-111_B42978_KE) is ignored but added at the end
NOTE: GoG_G2_63_Eh_ST (identical to n1-09_Eid.hel_Ew-111_B42978_KE) is ignored but added at the end
NOTE: GoG_G2_77_Eh_PR (identical to n1-09_Eid.hel_Ew-111_B42978_KE) is ignored but added at the end
NOTE: GoG_G8_70_Eh_GH (identical to n1-09_Eid.hel_Ew-111_B42978_KE) is ignored but added at the end
NOTE: GoG_G5_10_Eh_GH (identical to n1-09_Eid.hel_Ew-111_B42978_KE) is ignored but added at the end
NOTE: GoG_G3_61_Eh_ST (identical to n1-09_Eid.hel_Ew-111_B42978_KE) is ignored but added at the end
NOTE: GoG_G8_76_Eh_GH (identical to n1-09_Eid.hel_Ew-111_B42978_KE) is ignored but added at the end
NOTE: GoG_G4_91_Eh_BI (identical to n1-09_Eid.hel_Ew-111_B42978_KE) is ignored but added at the end
NOTE: GoG_G7_43_Eh_AN (identical to n1-09_Eid.hel_Ew-111_B42978_KE) is ignored but added at the end
NOTE: GoG_G6_49_Eh_BI (identical to n1-09_Eid.hel_Ew-111_B42978_KE) is ignored but added at the end
NOTE: GoG_G7_79_Eh_AN (identical to n1-09_Eid.hel_Ew-111_B42978_KE) is ignored but added at the end
NOTE: GoG_G7_83_Eh_AN (identical to n1-09_Eid.hel_Ew-111_B42978_KE) is ignored but added at the end
NOTE: GoG_G3_64_Eh_ST (identical to n1-09_Eid.hel_Ew-111_B42978_KE) is ignored but added at the end
NOTE: GoG_G8_81_Eh_GH (identical to n1-09_Eid.hel_Ew-111_B42978_KE) is ignored but added at the end
NOTE: GoG_G3_72_Eh_PR (identical to n1-09_Eid.hel_Ew-111_B42978_KE) is ignored but added at the end
NOTE: GoG_G6_48_Eh_BI (identical to n1-09_Eid.hel_Ew-111_B42978_KE) is ignored but added at the end
NOTE: GoG_G5_14_Eh_GH (identical to n1-09_Eid.hel_Ew-111_B42978_KE) is ignored but added at the end
NOTE: GoG_G8_7_Eh_AN (identical to n1-09_Eid.hel_Ew-111_B42978_KE) is ignored but added at the end
NOTE: GoG_G5_4_Eh_GH_1 (identical to n1-09_Eid.hel_Ew-111_B42978_KE) is ignored but added at the end
NOTE: GoG_G8_4_Eh_AN (identical to n1-09_Eid.hel_Ew-111_B42978_KE) is ignored but added at the end
NOTE: GoG_G9_68_Eh_GH (identical to n1-09_Eid.hel_Ew-111_B42978_KE) is ignored but added at the end
NOTE: GoG_G9_22_Eh_GH (identical to n1-09_Eid.hel_Ew-111_B42978_KE) is ignored but added at the end
NOTE: GoG_G6_30_Eh_BI (identical to n1-09_Eid.hel_Ew-111_B42978_KE) is ignored but added at the end
NOTE: GoG_G6_42_Eh_BI (identical to n1-09_Eid.hel_Ew-111_B42978_KE) is ignored but added at the end
NOTE: GoG_G6_43_Eh_BI (identical to n1-09_Eid.hel_Ew-111_B42978_KE) is ignored but added at the end
NOTE: GoG_G2_39_Eh_ST (identical to n1-09_Eid.hel_Ew-111_B42978_KE) is ignored but added at the end
NOTE: GoG_G2_51_Eh_ST (identical to n1-09_Eid.hel_Ew-111_B42978_KE) is ignored but added at the end
NOTE: GoG_G9_15_Eh_GH_2 (identical to n1-09_Eid.hel_Ew-111_B42978_KE) is ignored but added at the end
NOTE: GoG_G9_73_Eh_GH (identical to n1-09_Eid.hel_Ew-111_B42978_KE) is ignored but added at the end
NOTE: GoG_G4_77_Eh_BI_2 (identical to n1-09_Eid.hel_Ew-111_B42978_KE) is ignored but added at the end
NOTE: GoG_G4_90_Eh_BI (identical to n1-09_Eid.hel_Ew-111_B42978_KE) is ignored but added at the end
NOTE: GoG_G6_78_Eh_BI (identical to n1-09_Eid.hel_Ew-111_B42978_KE) is ignored but added at the end
NOTE: GoG_G7_37_Eh_AN (identical to n1-09_Eid.hel_Ew-111_B42978_KE) is ignored but added at the end
NOTE: GoG_G7_77_Eh_AN (identical to n1-09_Eid.hel_Ew-111_B42978_KE) is ignored but added at the end
NOTE: GoG_G7_63_Eh_AN (identical to n1-09_Eid.hel_Ew-111_B42978_KE) is ignored but added at the end
NOTE: GoG_G9_49_Eh_GH (identical to n1-09_Eid.hel_Ew-111_B42978_KE) is ignored but added at the end
NOTE: GoG_G7_85_Eh_AN (identical to n1-09_Eid.hel_Ew-111_B42978_KE) is ignored but added at the end
NOTE: GoG_G7_73_Eh_AN (identical to n1-09_Eid.hel_Ew-111_B42978_KE) is ignored but added at the end
NOTE: GoG_G7_66_Eh_AN (identical to n1-09_Eid.hel_Ew-111_B42978_KE) is ignored but added at the end
NOTE: GoG_G7_75_Eh_AN (identical to n1-09_Eid.hel_Ew-111_B42978_KE) is ignored but added at the end
NOTE: GoG_G6_19_Eh_BI (identical to n1-09_Eid.hel_Ew-111_B42978_KE) is ignored but added at the end
NOTE: GoG_G2_82_Eh_PR (identical to n1-09_Eid.hel_Ew-111_B42978_KE) is ignored but added at the end
NOTE: GoG_G4_11_Eh_ST (identical to n1-09_Eid.hel_Ew-111_B42978_KE) is ignored but added at the end
NOTE: GoG_G3_69_Eh_ST (identical to n1-09_Eid.hel_Ew-111_B42978_KE) is ignored but added at the end
NOTE: GoG_G3_85_Eh_PR (identical to n1-09_Eid.hel_Ew-111_B42978_KE) is ignored but added at the end
NOTE: GoG_G4_44_Eh_BI (identical to n1-09_Eid.hel_Ew-111_B42978_KE) is ignored but added at the end
NOTE: GoG_G4_57_Eh_BI (identical to n1-09_Eid.hel_Ew-111_B42978_KE) is ignored but added at the end
NOTE: GoG_G4_67_Eh_BI (identical to n1-09_Eid.hel_Ew-111_B42978_KE) is ignored but added at the end
NOTE: GoG_G4_46_Eh_BI (identical to n1-09_Eid.hel_Ew-111_B42978_KE) is ignored but added at the end
NOTE: GoG_G4_69_Eh_BI (identical to n1-09_Eid.hel_Ew-111_B42978_KE) is ignored but added at the end
NOTE: GoG_G4_79_Eh_BI (identical to n1-09_Eid.hel_Ew-111_B42978_KE) is ignored but added at the end
NOTE: GoG_G4_18_Eh_ST (identical to n1-09_Eid.hel_Ew-111_B42978_KE) is ignored but added at the end
NOTE: GoG_G2_86_Eh_ST (identical to n1-09_Eid.hel_Ew-111_B42978_KE) is ignored but added at the end
NOTE: GoG_G6_87_Eh_BI (identical to n1-09_Eid.hel_Ew-111_B42978_KE) is ignored but added at the end
NOTE: GoG_G6_62_Eh_BI (identical to n1-09_Eid.hel_Ew-111_B42978_KE) is ignored but added at the end
NOTE: GoG_G8_13_Eh_AN (identical to n1-09_Eid.hel_Ew-111_B42978_KE) is ignored but added at the end
NOTE: GoG_G2_94_Eh_ST (identical to n1-09_Eid.hel_Ew-111_B42978_KE) is ignored but added at the end
NOTE: GoG_G7_70_Eh_AN (identical to n1-09_Eid.hel_Ew-111_B42978_KE) is ignored but added at the end
NOTE: GoG_G2_18_Eh_PR (identical to n1-09_Eid.hel_Ew-111_B42978_KE) is ignored but added at the end
NOTE: GoG_G8_26_Eh_AN (identical to n1-09_Eid.hel_Ew-111_B42978_KE) is ignored but added at the end
NOTE: GoG_G8_10_Eh_AN (identical to n1-09_Eid.hel_Ew-111_B42978_KE) is ignored but added at the end
NOTE: GoG_G9_12_Eh_GH (identical to n1-09_Eid.hel_Ew-111_B42978_KE) is ignored but added at the end
NOTE: GoG_G9_23_Eh_GH (identical to n1-09_Eid.hel_Ew-111_B42978_KE) is ignored but added at the end
NOTE: GoG_G7_35_Eh_AN (identical to n1-09_Eid.hel_Ew-111_B42978_KE) is ignored but added at the end
NOTE: GoG_G8_49_Eh_AN (identical to n1-09_Eid.hel_Ew-111_B42978_KE) is ignored but added at the end
NOTE: GoG_G4_76_Eh_BI (identical to n1-09_Eid.hel_Ew-111_B42978_KE) is ignored but added at the end
NOTE: GoG_G7_33_Eh_AN (identical to n1-09_Eid.hel_Ew-111_B42978_KE) is ignored but added at the end
NOTE: GoG_G8_54_Eh_AN (identical to n1-09_Eid.hel_Ew-111_B42978_KE) is ignored but added at the end
NOTE: GoG_G4_51_Eh_BI (identical to n1-09_Eid.hel_Ew-111_B42978_KE) is ignored but added at the end
NOTE: GoG_G7_41_Eh_AN (identical to n1-09_Eid.hel_Ew-111_B42978_KE) is ignored but added at the end
NOTE: GoG_G7_10_Eh_BI (identical to n1-09_Eid.hel_Ew-111_B42978_KE) is ignored but added at the end
NOTE: GoG_G8_8_Eh_AN (identical to n1-09_Eid.hel_Ew-111_B42978_KE) is ignored but added at the end
NOTE: GoG_G7_39_Eh_AN (identical to n1-09_Eid.hel_Ew-111_B42978_KE) is ignored but added at the end
NOTE: GoG_G8_31_Eh_AN (identical to n1-09_Eid.hel_Ew-111_B42978_KE) is ignored but added at the end
NOTE: GoG_G4_53_Eh_BI (identical to n1-09_Eid.hel_Ew-111_B42978_KE) is ignored but added at the end
NOTE: GoG_G7_6_Eh_BI (identical to n1-09_Eid.hel_Ew-111_B42978_KE) is ignored but added at the end
NOTE: GoG_G3_12_Eh_PR (identical to n1-09_Eid.hel_Ew-111_B42978_KE) is ignored but added at the end
NOTE: GoG_G4_2_Eh_ST_2 (identical to n1-09_Eid.hel_Ew-111_B42978_KE) is ignored but added at the end
NOTE: GoG_G4_3_Eh_PR (identical to n1-09_Eid.hel_Ew-111_B42978_KE) is ignored but added at the end
NOTE: GoG_G2_37_Eh_ST_2 (identical to n1-09_Eid.hel_Ew-111_B42978_KE) is ignored but added at the end
NOTE: GoG_G8_17_Eh_AN (identical to n1-09_Eid.hel_Ew-111_B42978_KE) is ignored but added at the end
NOTE: GoG_G10_5_Eh_GH (identical to n1-09_Eid.hel_Ew-111_B42978_KE) is ignored but added at the end
NOTE: GoG_G9_35_Eh_GH (identical to n1-09_Eid.hel_Ew-111_B42978_KE) is ignored but added at the end
NOTE: GoG_G9_37_Eh_GH (identical to n1-09_Eid.hel_Ew-111_B42978_KE) is ignored but added at the end
NOTE: GoG_G8_25_Eh_AN_2 (identical to n1-09_Eid.hel_Ew-111_B42978_KE) is ignored but added at the end
NOTE: GoG_G2_24_Eh_ST (identical to n1-09_Eid.hel_Ew-111_B42978_KE) is ignored but added at the end
NOTE: GoG_G2_81_Eh_PR (identical to n1-09_Eid.hel_Ew-111_B42978_KE) is ignored but added at the end
NOTE: GoG_G4_49_Eh_BI (identical to n1-09_Eid.hel_Ew-111_B42978_KE) is ignored but added at the end
NOTE: GoG_G8_27_Eh_AN (identical to n1-09_Eid.hel_Ew-111_B42978_KE) is ignored but added at the end
NOTE: GoG_G10_6_Eh_GH (identical to n1-09_Eid.hel_Ew-111_B42978_KE) is ignored but added at the end
NOTE: GoG_G3_43_Eh_ST (identical to n1-09_Eid.hel_Ew-111_B42978_KE) is ignored but added at the end
NOTE: GoG_G7_23_Eh_AN (identical to n1-09_Eid.hel_Ew-111_B42978_KE) is ignored but added at the end
NOTE: GoG_G7_15_Eh_BI (identical to n1-09_Eid.hel_Ew-111_B42978_KE) is ignored but added at the end
NOTE: GoG_G5_11_Eh_GH (identical to n1-09_Eid.hel_Ew-111_B42978_KE) is ignored but added at the end
NOTE: GoG_G9_48_Eh_GH (identical to n1-09_Eid.hel_Ew-111_B42978_KE) is ignored but added at the end
NOTE: GoG_G1_27_Eh_ST (identical to n1-09_Eid.hel_Ew-111_B42978_KE) is ignored but added at the end
NOTE: GoG_G9_38_Eh_GH (identical to n1-09_Eid.hel_Ew-111_B42978_KE) is ignored but added at the end
NOTE: GoG_G2_89_Eh_ST (identical to n1-09_Eid.hel_Ew-111_B42978_KE) is ignored but added at the end
NOTE: GoG_G7_78_Eh_AN (identical to n1-09_Eid.hel_Ew-111_B42978_KE) is ignored but added at the end
NOTE: GoG_G3_44_Eh_PR (identical to n1-09_Eid.hel_Ew-111_B42978_KE) is ignored but added at the end
NOTE: GoG_G3_52_Eh_ST (identical to n1-09_Eid.hel_Ew-111_B42978_KE) is ignored but added at the end
NOTE: GoG_G4_33_Eh_BI (identical to n1-09_Eid.hel_Ew-111_B42978_KE) is ignored but added at the end
NOTE: GoG_G11_2_Eh_GH (identical to n1-09_Eid.hel_Ew-111_B42978_KE) is ignored but added at the end
NOTE: GoG_G11_17_Eh_GH (identical to n1-09_Eid.hel_Ew-111_B42978_KE) is ignored but added at the end
NOTE: GoG_G6_28_Eh_BI (identical to n1-09_Eid.hel_Ew-111_B42978_KE) is ignored but added at the end
NOTE: GoG_G6_18_Eh_BI (identical to n1-09_Eid.hel_Ew-111_B42978_KE) is ignored but added at the end
NOTE: GoG_G4_13_Eh_ST (identical to n1-09_Eid.hel_Ew-111_B42978_KE) is ignored but added at the end
NOTE: GoG_G2_67_Eh_ST (identical to n1-09_Eid.hel_Ew-111_B42978_KE) is ignored but added at the end
NOTE: GoG_G7_34_Eh_AN (identical to n1-09_Eid.hel_Ew-111_B42978_KE) is ignored but added at the end
NOTE: GoG_G8_28_Eh_AN (identical to n1-09_Eid.hel_Ew-111_B42978_KE) is ignored but added at the end
NOTE: GoG_G4_74_Eh_BI (identical to n1-09_Eid.hel_Ew-111_B42978_KE) is ignored but added at the end
NOTE: GoG_G8_30_Eh_AN (identical to n1-09_Eid.hel_Ew-111_B42978_KE) is ignored but added at the end
NOTE: GoG_G4_19_Eh_ST (identical to n1-09_Eid.hel_Ew-111_B42978_KE) is ignored but added at the end
NOTE: GoG_G7_26_Eh_AN (identical to n1-09_Eid.hel_Ew-111_B42978_KE) is ignored but added at the end
NOTE: GoG_G8_2_Eh_AN (identical to n1-09_Eid.hel_Ew-111_B42978_KE) is ignored but added at the end
NOTE: GoG_G3_35_Eh_ST (identical to n1-09_Eid.hel_Ew-111_B42978_KE) is ignored but added at the end
NOTE: GoG_G8_86_Eh_GH (identical to n1-09_Eid.hel_Ew-111_B42978_KE) is ignored but added at the end
NOTE: GoG_G4_68_Eh_BI (identical to GoG_G7_46_Eh_AN) is ignored but added at the end
Alignment was printed to /Applications/iqtree-2.1.3-MacOSX/bin/gltA_seqs_revcomp_correct_mafft_gb.fasta.uniqueseq.phy

For your convenience alignment with unique sequences printed to /Applications/iqtree-2.1.3-MacOSX/bin/gltA_seqs_revcomp_correct_mafft_gb.fasta.uniqueseq.phy


Create initial parsimony tree by phylogenetic likelihood library (PLL)... 0.020 seconds
Perform fast likelihood tree search using GTR+I+G model...
Estimate model parameters (epsilon = 5.000)
Perform nearest neighbor interchange...
Estimate model parameters (epsilon = 1.000)
1. Initial log-likelihood: -2679.581
Optimal log-likelihood: -2679.546
Rate parameters:  A-C: 2.18986  A-G: 4.92391  A-T: 0.69806  C-G: 1.49036  C-T: 9.12463  G-T: 1.00000
Base frequencies:  A: 0.343  C: 0.179  G: 0.184  T: 0.293
Proportion of invariable sites: 0.194
Gamma shape alpha: 1.083
Parameters optimization took 1 rounds (0.133 sec)
Time for fast ML tree search: 1.257 seconds

NOTE: ModelFinder requires 21 MB RAM!
ModelFinder will test up to 286 DNA models (sample size: 301) ...
 No. Model         -LnL         df  AIC          AICc         BIC
  1  GTR+F         2771.761     471 6485.522     451109.522   8231.571
  2  GTR+F+I       2702.453     472 6348.906     452860.906   8098.662
  3  GTR+F+G4      2679.338     472 6302.676     452814.676   8052.432
  4  GTR+F+I+G4    2679.532     473 6305.063     454709.063   8058.526
  5  GTR+F+R2      2681.929     473 6309.857     454713.857   8063.320
  6  GTR+F+R3      2680.366     475 6310.733     458510.733   8071.610
 16  SYM+G4        2698.042     469 6334.084     447194.084   8072.719
 17  SYM+I+G4      2697.272     470 6334.545     449074.545   8076.887
 29  TVM+F+G4      2686.737     471 6315.475     450939.475   8061.524
 30  TVM+F+I+G4    2686.967     472 6317.935     452829.935   8067.691
 42  TVMe+G4       2703.650     468 6343.299     445327.299   8078.227
 43  TVMe+I+G4     2702.874     469 6343.747     447203.747   8082.382
 55  TIM3+F+G4     2680.604     470 6301.209     449041.209   8043.550
 56  TIM3+F+I+G4   2680.808     471 6303.616     450927.616   8049.665
 68  TIM3e+G4      2701.776     467 6337.552     443449.552   8068.772
 69  TIM3e+I+G4    2701.174     468 6338.347     445322.347   8073.275
 81  TIM2+F+G4     2690.362     470 6320.723     449060.723   8063.065
 82  TIM2+F+I+G4   2690.350     471 6322.699     450946.699   8068.748
 94  TIM2e+G4      2701.640     467 6337.281     443449.281   8068.501
 95  TIM2e+I+G4    2700.801     468 6337.603     445321.603   8072.530
107  TIM+F+G4      2685.950     470 6311.899     449051.899   8054.241
108  TIM+F+I+G4    2685.994     471 6313.988     450937.988   8060.037
120  TIMe+G4       2703.496     467 6340.993     443452.993   8072.213
121  TIMe+I+G4     2702.781     468 6341.562     445325.562   8076.490
133  TPM3u+F+G4    2687.985     469 6313.971     447173.971   8052.605
134  TPM3u+F+I+G4  2688.232     470 6316.465     449056.465   8058.807
146  TPM3+F+G4     2687.985     469 6313.971     447173.971   8052.605
147  TPM3+F+I+G4   2688.232     470 6316.465     449056.465   8058.807
159  TPM2u+F+G4    2697.928     469 6333.855     447193.855   8072.490
160  TPM2u+F+I+G4  2697.963     470 6335.927     449075.927   8078.268
172  TPM2+F+G4     2697.928     469 6333.855     447193.855   8072.490
173  TPM2+F+I+G4   2697.963     470 6335.927     449075.927   8078.268
185  K3Pu+F+G4     2693.356     469 6324.713     447184.713   8063.347
186  K3Pu+F+I+G4   2693.427     470 6326.854     449066.854   8069.196
198  K3P+G4        2709.841     466 6351.682     441595.682   8079.195
199  K3P+I+G4      2709.127     467 6352.254     443464.254   8083.474
211  TN+F+G4       2690.366     469 6318.731     447178.731   8057.366
212  TN+F+I+G4     2690.360     470 6320.719     449060.719   8063.061
224  TNe+G4        2704.741     466 6341.482     441585.482   8068.996
225  TNe+I+G4      2704.034     467 6342.069     443454.069   8073.289
237  HKY+F+G4      2697.928     468 6331.855     445315.855   8066.783
238  HKY+F+I+G4    2697.965     469 6333.930     447193.930   8072.565
250  K2P+G4        2711.106     465 6352.212     439732.212   8076.019
251  K2P+I+G4      2710.410     466 6352.820     441596.820   8080.333
263  F81+F+G4      2841.481     467 6616.961     443728.961   8348.182
264  F81+F+I+G4    2840.984     468 6617.969     445601.969   8352.896
276  JC+G4         2830.118     464 6588.237     438108.237   8308.336
277  JC+I+G4       2829.301     465 6588.602     439968.602   8312.408
Akaike Information Criterion:           TIM3+F+G4
Corrected Akaike Information Criterion: JC+G4
Bayesian Information Criterion:         TIM3+F+G4
Best-fit model: TIM3+F+G4 chosen according to BIC

All model information printed to /Applications/iqtree-2.1.3-MacOSX/bin/gltA_seqs_revcomp_correct_mafft_gb.fasta.model.gz
CPU time for ModelFinder: 14.545 seconds (0h:0m:14s)
Wall-clock time for ModelFinder: 15.848 seconds (0h:0m:15s)
Generating 1000 samples for ultrafast bootstrap (seed: 822598)...

NOTE: 9 MB RAM (0 GB) is required!
Estimate model parameters (epsilon = 0.100)
1. Initial log-likelihood: -2680.604
Optimal log-likelihood: -2680.604
Rate parameters:  A-C: 2.50109  A-G: 6.27806  A-T: 1.00000  C-G: 2.50109  C-T: 11.53640  G-T: 1.00000
Base frequencies:  A: 0.343  C: 0.179  G: 0.184  T: 0.293
Gamma shape alpha: 0.605
Parameters optimization took 1 rounds (0.085 sec)
Computing ML distances based on estimated model parameters...
Computing ML distances took 3.155302 sec (of wall-clock time) 2.263090 sec(of CPU time)
WARNING: Some pairwise ML distances are too long (saturated)
Computing RapidNJ tree took 0.005072 sec (of wall-clock time) 0.009190 sec (of CPU time)
Log-likelihood of RapidNJ tree: -2817.530
--------------------------------------------------------------------
|             INITIALIZING CANDIDATE TREE SET                      |
--------------------------------------------------------------------
Generating 98 parsimony trees... 2.877 second
Computing log-likelihood of 98 initial trees ... 2.296 seconds
Current best score: -2675.037

Do NNI search on 20 best initial trees
Estimate model parameters (epsilon = 0.100)
BETTER TREE FOUND at iteration 1: -2673.672
Estimate model parameters (epsilon = 0.100)
BETTER TREE FOUND at iteration 2: -2673.169
Estimate model parameters (epsilon = 0.100)
BETTER TREE FOUND at iteration 3: -2671.404
Iteration 10 / LogL: -2676.136 / Time: 0h:0m:32s
Estimate model parameters (epsilon = 0.100)
BETTER TREE FOUND at iteration 17: -2671.091
Iteration 20 / LogL: -2682.781 / Time: 0h:0m:57s
Finish initializing candidate tree set (20)
Current best tree score: -2671.091 / CPU time: 53.158
Number of iterations: 20
--------------------------------------------------------------------
|               OPTIMIZING CANDIDATE TREE SET                      |
--------------------------------------------------------------------
Estimate model parameters (epsilon = 0.100)
BETTER TREE FOUND at iteration 23: -2670.617
Estimate model parameters (epsilon = 0.100)
BETTER TREE FOUND at iteration 28: -2669.728
Estimate model parameters (epsilon = 0.100)
BETTER TREE FOUND at iteration 30: -2669.091
Iteration 30 / LogL: -2669.091 / Time: 0h:1m:29s (0h:5m:6s left)
Estimate model parameters (epsilon = 0.100)
BETTER TREE FOUND at iteration 37: -2668.130
Estimate model parameters (epsilon = 0.100)
BETTER TREE FOUND at iteration 38: -2667.727
Iteration 40 / LogL: -2681.060 / Time: 0h:1m:47s (0h:4m:31s left)
Estimate model parameters (epsilon = 0.100)
BETTER TREE FOUND at iteration 41: -2666.896
Iteration 50 / LogL: -2667.896 / Time: 0h:2m:3s (0h:3m:50s left)
Log-likelihood cutoff on original alignment: -2703.293
Iteration 60 / LogL: -2666.901 / Time: 0h:2m:22s (0h:3m:15s left)
Iteration 70 / LogL: -2667.704 / Time: 0h:2m:38s (0h:2m:42s left)
Iteration 80 / LogL: -2718.087 / Time: 0h:2m:51s (0h:2m:12s left)
Iteration 90 / LogL: -2666.905 / Time: 0h:3m:7s (0h:1m:47s left)
Iteration 100 / LogL: -2668.139 / Time: 0h:3m:21s (0h:1m:23s left)
Log-likelihood cutoff on original alignment: -2703.293
NOTE: Bootstrap correlation coefficient of split occurrence frequencies: 0.969
NOTE: UFBoot does not converge, continue at least 100 more iterations
Estimate model parameters (epsilon = 0.100)
BETTER TREE FOUND at iteration 110: -2666.495
Iteration 110 / LogL: -2666.495 / Time: 0h:3m:40s (0h:3m:22s left)
Estimate model parameters (epsilon = 0.100)
BETTER TREE FOUND at iteration 113: -2666.253
Iteration 120 / LogL: -2666.900 / Time: 0h:3m:59s (0h:3m:7s left)
Iteration 130 / LogL: -2666.257 / Time: 0h:4m:16s (0h:2m:44s left)
Estimate model parameters (epsilon = 0.100)
BETTER TREE FOUND at iteration 138: -2665.852
Iteration 140 / LogL: -2665.867 / Time: 0h:4m:33s (0h:3m:12s left)
Iteration 150 / LogL: -2665.869 / Time: 0h:4m:47s (0h:2m:50s left)
Log-likelihood cutoff on original alignment: -2703.293
Iteration 160 / LogL: -2693.934 / Time: 0h:5m:4s (0h:2m:29s left)
Iteration 170 / LogL: -2665.857 / Time: 0h:5m:19s (0h:2m:8s left)
Estimate model parameters (epsilon = 0.100)
BETTER TREE FOUND at iteration 179: -2665.711
Iteration 180 / LogL: -2665.866 / Time: 0h:5m:47s (0h:3m:12s left)
Iteration 190 / LogL: -2665.731 / Time: 0h:6m:12s (0h:2m:55s left)
Iteration 200 / LogL: -2665.731 / Time: 0h:6m:38s (0h:2m:38s left)
Log-likelihood cutoff on original alignment: -2703.293
NOTE: Bootstrap correlation coefficient of split occurrence frequencies: 0.952
NOTE: UFBoot does not converge, continue at least 100 more iterations
Iteration 210 / LogL: -2665.713 / Time: 0h:7m:2s (0h:3m:1s left)
BETTER TREE FOUND at iteration 219: -2665.711
Iteration 220 / LogL: -2667.220 / Time: 0h:7m:26s (0h:3m:21s left)
Iteration 230 / LogL: -2665.713 / Time: 0h:7m:44s (0h:3m:0s left)
BETTER TREE FOUND at iteration 238: -2665.710
Iteration 240 / LogL: -2675.454 / Time: 0h:8m:4s (0h:3m:18s left)
BETTER TREE FOUND at iteration 246: -2665.710
Iteration 250 / LogL: -2670.815 / Time: 0h:8m:49s (0h:3m:24s left)
Log-likelihood cutoff on original alignment: -2703.293
BETTER TREE FOUND at iteration 251: -2665.710
Iteration 260 / LogL: -2682.147 / Time: 0h:9m:26s (0h:3m:18s left)
Iteration 270 / LogL: -2665.713 / Time: 0h:10m:2s (0h:3m:1s left)
Iteration 280 / LogL: -2670.256 / Time: 0h:10m:40s (0h:2m:42s left)
Iteration 290 / LogL: -2668.427 / Time: 0h:11m:7s (0h:2m:20s left)
Iteration 300 / LogL: -2675.123 / Time: 0h:11m:46s (0h:2m:0s left)
Log-likelihood cutoff on original alignment: -2703.293
NOTE: Bootstrap correlation coefficient of split occurrence frequencies: 0.947
NOTE: UFBoot does not converge, continue at least 100 more iterations
Iteration 310 / LogL: -2665.713 / Time: 0h:12m:23s (0h:3m:36s left)
Iteration 320 / LogL: -2665.712 / Time: 0h:12m:46s (0h:3m:12s left)
Iteration 330 / LogL: -2665.713 / Time: 0h:13m:7s (0h:2m:47s left)
Iteration 340 / LogL: -2667.221 / Time: 0h:13m:43s (0h:2m:25s left)
Iteration 350 / LogL: -2694.487 / Time: 0h:14m:29s (0h:2m:4s left)
Log-likelihood cutoff on original alignment: -2703.293
Iteration 360 / LogL: -2675.449 / Time: 0h:15m:13s (0h:1m:41s left)
Iteration 370 / LogL: -2666.742 / Time: 0h:16m:1s (0h:1m:18s left)
Iteration 380 / LogL: -2677.872 / Time: 0h:16m:42s (0h:0m:52s left)
Iteration 390 / LogL: -2665.712 / Time: 0h:17m:14s (0h:0m:26s left)
Iteration 400 / LogL: -2669.042 / Time: 0h:17m:49s (0h:0m:0s left)
Log-likelihood cutoff on original alignment: -2703.293
NOTE: Bootstrap correlation coefficient of split occurrence frequencies: 0.981
NOTE: UFBoot does not converge, continue at least 100 more iterations
Iteration 410 / LogL: -2682.757 / Time: 0h:18m:17s (0h:4m:1s left)
Iteration 420 / LogL: -2668.552 / Time: 0h:18m:51s (0h:3m:36s left)
Iteration 430 / LogL: -2665.715 / Time: 0h:19m:35s (0h:3m:11s left)
Iteration 440 / LogL: -2666.188 / Time: 0h:20m:16s (0h:2m:46s left)
BETTER TREE FOUND at iteration 446: -2665.710
Iteration 450 / LogL: -2669.314 / Time: 0h:21m:8s (0h:4m:31s left)
Log-likelihood cutoff on original alignment: -2703.293
Iteration 460 / LogL: -2666.201 / Time: 0h:21m:59s (0h:4m:7s left)
Iteration 470 / LogL: -2666.187 / Time: 0h:22m:43s (0h:3m:40s left)
Iteration 480 / LogL: -2666.326 / Time: 0h:23m:26s (0h:3m:13s left)
Iteration 490 / LogL: -2675.122 / Time: 0h:24m:1s (0h:2m:45s left)
Iteration 500 / LogL: -2665.715 / Time: 0h:24m:44s (0h:2m:16s left)
Log-likelihood cutoff on original alignment: -2703.293
NOTE: Bootstrap correlation coefficient of split occurrence frequencies: 0.989
NOTE: UFBoot does not converge, continue at least 100 more iterations
Iteration 510 / LogL: -2666.187 / Time: 0h:25m:33s (0h:4m:31s left)
Iteration 520 / LogL: -2665.712 / Time: 0h:26m:22s (0h:4m:3s left)
Iteration 530 / LogL: -2679.861 / Time: 0h:27m:8s (0h:3m:35s left)
Iteration 540 / LogL: -2682.971 / Time: 0h:27m:44s (0h:3m:5s left)
Iteration 550 / LogL: -2665.714 / Time: 0h:28m:25s (0h:2m:35s left)
Log-likelihood cutoff on original alignment: -2703.293
Iteration 560 / LogL: -2670.339 / Time: 0h:29m:8s (0h:2m:5s left)
Iteration 570 / LogL: -2665.712 / Time: 0h:29m:53s (0h:1m:34s left)
Iteration 580 / LogL: -2665.713 / Time: 0h:30m:26s (0h:1m:3s left)
Iteration 590 / LogL: -2665.713 / Time: 0h:31m:0s (0h:0m:31s left)
Iteration 600 / LogL: -2667.219 / Time: 0h:31m:32s (0h:0m:0s left)
Log-likelihood cutoff on original alignment: -2703.293
NOTE: Bootstrap correlation coefficient of split occurrence frequencies: 0.995
TREE SEARCH COMPLETED AFTER 600 ITERATIONS / Time: 0h:31m:34s

--------------------------------------------------------------------
|                    FINALIZING TREE SEARCH                        |
--------------------------------------------------------------------
Performs final model parameters optimization
Estimate model parameters (epsilon = 0.010)
1. Initial log-likelihood: -2665.710
Optimal log-likelihood: -2665.710
Rate parameters:  A-C: 2.79356  A-G: 6.89537  A-T: 1.00000  C-G: 2.79356  C-T: 12.82631  G-T: 1.00000
Base frequencies:  A: 0.343  C: 0.179  G: 0.184  T: 0.293
Gamma shape alpha: 0.595
Parameters optimization took 1 rounds (0.131 sec)
BEST SCORE FOUND : -2665.710
Creating bootstrap support values...
Split supports printed to NEXUS file /Applications/iqtree-2.1.3-MacOSX/bin/gltA_seqs_revcomp_correct_mafft_gb.fasta.splits.nex
Total tree length: 2.029

Total number of iterations: 600
CPU time used for tree search: 1439.328 sec (0h:23m:59s)
Wall-clock time used for tree search: 1890.653 sec (0h:31m:30s)
Total CPU time used: 1445.468 sec (0h:24m:5s)
Total wall-clock time used: 1898.555 sec (0h:31m:38s)

Computing bootstrap consensus tree...
Reading input file /Applications/iqtree-2.1.3-MacOSX/bin/gltA_seqs_revcomp_correct_mafft_gb.fasta.splits.nex...
233 taxa and 10382 splits.
Consensus tree written to /Applications/iqtree-2.1.3-MacOSX/bin/gltA_seqs_revcomp_correct_mafft_gb.fasta.contree
Reading input trees file /Applications/iqtree-2.1.3-MacOSX/bin/gltA_seqs_revcomp_correct_mafft_gb.fasta.contree
Log-likelihood of consensus tree: -2665.799

Analysis results written to: 
  IQ-TREE report:                /Applications/iqtree-2.1.3-MacOSX/bin/gltA_seqs_revcomp_correct_mafft_gb.fasta.iqtree
  Maximum-likelihood tree:       /Applications/iqtree-2.1.3-MacOSX/bin/gltA_seqs_revcomp_correct_mafft_gb.fasta.treefile
  Likelihood distances:          /Applications/iqtree-2.1.3-MacOSX/bin/gltA_seqs_revcomp_correct_mafft_gb.fasta.mldist

Ultrafast bootstrap approximation results written to:
  Split support values:          /Applications/iqtree-2.1.3-MacOSX/bin/gltA_seqs_revcomp_correct_mafft_gb.fasta.splits.nex
  Consensus tree:                /Applications/iqtree-2.1.3-MacOSX/bin/gltA_seqs_revcomp_correct_mafft_gb.fasta.contree
  Screen log file:               /Applications/iqtree-2.1.3-MacOSX/bin/gltA_seqs_revcomp_correct_mafft_gb.fasta.log

Date and Time: Mon Apr 22 22:30:55 2024
