IQ-TREE multicore version 2.1.1 COVID-edition for Windows 64-bit built Aug 20 2020
Developed by Bui Quang Minh, James Barbetti, Nguyen Lam Tung,
Olga Chernomor, Heiko Schmidt, Dominik Schrempf, Michael Woodhams.

Host:    DESKTOP-7HQB3DG (AVX2, FMA3, 7 GB RAM)
Command: iqtree2 -s C:\iqtree-2.1.1-Windows\bin\16Sb_seqs_mafft_gb_haplotypes.fasta -m MFP -AIC -B 1000
Seed:    895033 (Using SPRNG - Scalable Parallel Random Number Generator)
Time:    Mon Mar 08 12:06:45 2021
Kernel:  AVX+FMA - 1 threads (4 CPU cores detected)

HINT: Use -nt option to specify number of threads because your CPU has 4 cores!
HINT: -nt AUTO will automatically determine the best number of threads to use.

Reading alignment file C:\iqtree-2.1.1-Windows\bin\16Sb_seqs_mafft_gb_haplotypes.fasta ... Fasta format detected
Alignment most likely contains DNA/RNA sequences
Alignment has 17 sequences with 575 columns, 65 distinct patterns
68 parsimony-informative, 15 singleton sites, 492 constant sites
                                 Gap/Ambiguity  Composition  p-value
   1  Sym_C.dubia_KT751122               0.17%    passed     95.70%
   2  Sym_C.dubia_KT751123               0.00%    passed     94.52%
   3  Sym_C.dubia_KT751126               0.00%    passed     95.16%
   4  Sym_D.biannulata_KC597770          0.00%    passed     89.09%
   5  Sym_E.africana_KC597710            0.00%    passed     99.72%
   6  Sym_E.cf.latisterna_KC597754       0.00%    passed     97.95%
   7  Sym_E.cf.latisterna_KC597755       0.00%    passed     97.82%
   8  Sym_E.inermis_KC597725             0.35%    passed     99.95%
   9  Sym_E.inermis_KC597758             0.35%    passed     99.83%
  10  Sym_E.madagascarensis_KT751117     0.00%    passed     99.03%
  11  Sym_E.theodori_KT751115            0.00%    passed     99.95%
  12  Sym_L.ferrarii_KC597751            0.00%    passed     83.29%
  13  Sym_L.ferrarii_KC597757            0.00%    passed     89.68%
  14  Sym_Leptocyclopodia.sp_KC597727    0.00%    passed     82.26%
  15  GoG_G2_55_Ra_ST                    0.00%    passed     99.88%
  16  GoG_G2_61_Eh_ST                    0.00%    passed     87.66%
  17  GoG_G10_10_Ra_GH                   0.00%    passed     99.46%
****  TOTAL                              0.05%  0 sequences failed composition chi2 test (p-value<5%; df=3)


Create initial parsimony tree by phylogenetic likelihood library (PLL)... 0.007 seconds
Perform fast likelihood tree search using GTR+I+G model...
Estimate model parameters (epsilon = 5.000)
Perform nearest neighbor interchange...
Estimate model parameters (epsilon = 1.000)
1. Initial log-likelihood: -1440.692
Optimal log-likelihood: -1440.608
Rate parameters:  A-C: 0.31879  A-G: 1.79670  A-T: 0.57938  C-G: 0.00010  C-T: 2.73818  G-T: 1.00000
Base frequencies:  A: 0.276  C: 0.203  G: 0.304  T: 0.216
Proportion of invariable sites: 0.426
Gamma shape alpha: 0.228
Parameters optimization took 1 rounds (0.029 sec)
Time for fast ML tree search: 0.075 seconds

NOTE: ModelFinder requires 0 MB RAM!
ModelFinder will test up to 286 DNA models (sample size: 575) ...
 No. Model         -LnL         df  AIC          AICc         BIC
  1  GTR+F         1487.815     39  3053.629     3059.461     3223.450
  2  GTR+F+I       1442.390     40  2964.779     2970.922     3138.954
  3  GTR+F+G4      1444.312     40  2968.624     2974.766     3142.798
  4  GTR+F+I+G4    1440.326     41  2962.652     2969.113     3141.181
  5  GTR+F+R2      1437.828     41  2957.656     2964.117     3136.185
  6  GTR+F+R3      1437.742     43  2961.483     2968.609     3148.721
 15  SYM+I         1450.235     37  2974.471     2979.707     3135.582
 17  SYM+I+G4      1448.086     38  2972.172     2977.702     3137.638
 18  SYM+R2        1444.961     38  2965.923     2971.453     3131.389
 19  SYM+R3        1444.990     40  2969.980     2976.122     3144.155
 28  TVM+F+I       1443.486     39  2964.971     2970.803     3134.792
 30  TVM+F+I+G4    1441.604     40  2963.207     2969.350     3137.382
 31  TVM+F+R2      1438.913     40  2957.826     2963.968     3132.001
 32  TVM+F+R3      1438.930     42  2961.860     2968.649     3144.743
 41  TVMe+I        1450.345     36  2972.690     2977.642     3129.448
 43  TVMe+I+G4     1448.200     37  2970.400     2975.636     3131.511
 44  TVMe+R2       1445.040     37  2964.079     2969.316     3125.191
 45  TVMe+R3       1444.987     39  2967.975     2973.806     3137.795
 54  TIM3+F+I      1444.676     38  2965.351     2970.881     3130.817
 56  TIM3+F+I+G4   1442.672     39  2963.344     2969.176     3133.165
 57  TIM3+F+R2     1439.659     39  2957.317     2963.149     3127.138
 58  TIM3+F+R3     1439.673     41  2961.347     2967.808     3139.876
 67  TIM3e+I       1452.646     35  2975.293     2979.968     3127.695
 69  TIM3e+I+G4    1450.523     36  2973.046     2977.997     3129.803
 70  TIM3e+R2      1446.798     36  2965.596     2970.547     3122.353
 71  TIM3e+R3      1446.814     38  2969.627     2975.157     3135.094
 80  TIM2+F+I      1449.781     38  2975.562     2981.091     3141.028
 82  TIM2+F+I+G4   1448.029     39  2974.058     2979.890     3143.879
 83  TIM2+F+R2     1445.174     39  2968.349     2974.180     3138.169
 84  TIM2+F+R3     1445.201     41  2972.403     2978.864     3150.932
 93  TIM2e+I       1458.048     35  2986.096     2990.771     3138.499
 95  TIM2e+I+G4    1456.100     36  2984.199     2989.151     3140.957
 96  TIM2e+R2      1452.503     36  2977.006     2981.957     3133.763
 97  TIM2e+R3      1452.498     38  2980.996     2986.526     3146.462
106  TIM+F+I       1448.427     38  2972.854     2978.384     3138.320
108  TIM+F+I+G4    1446.544     39  2971.088     2976.920     3140.909
109  TIM+F+R2      1443.613     39  2965.226     2971.058     3135.047
110  TIM+F+R3      1443.671     41  2969.343     2975.804     3147.872
119  TIMe+I        1456.601     35  2983.201     2987.876     3135.604
121  TIMe+I+G4     1454.535     36  2981.071     2986.023     3137.828
122  TIMe+R2       1451.013     36  2974.025     2978.977     3130.783
123  TIMe+R3       1451.011     38  2978.022     2983.552     3143.488
132  TPM3u+F+I     1445.906     37  2965.812     2971.049     3126.924
134  TPM3u+F+I+G4  1443.936     38  2963.872     2969.402     3129.338
135  TPM3u+F+R2    1440.740     38  2957.479     2963.009     3122.945
136  TPM3u+F+R3    1440.787     40  2961.575     2967.717     3135.750
145  TPM3+F+I      1445.906     37  2965.812     2971.049     3126.924
147  TPM3+F+I+G4   1443.936     38  2963.872     2969.402     3129.338
148  TPM3+F+R2     1440.740     38  2957.479     2963.009     3122.945
149  TPM3+F+R3     1440.787     40  2961.575     2967.717     3135.750
158  TPM2u+F+I     1450.887     37  2975.775     2981.011     3136.886
160  TPM2u+F+I+G4  1449.196     38  2974.393     2979.922     3139.859
161  TPM2u+F+R2    1446.162     38  2968.324     2973.853     3133.790
162  TPM2u+F+R3    1446.205     40  2972.409     2978.552     3146.584
171  TPM2+F+I      1450.887     37  2975.775     2981.011     3136.886
173  TPM2+F+I+G4   1449.196     38  2974.393     2979.922     3139.859
174  TPM2+F+R2     1446.162     38  2968.324     2973.853     3133.790
175  TPM2+F+R3     1446.205     40  2972.409     2978.552     3146.584
184  K3Pu+F+I      1449.495     37  2972.991     2978.227     3134.102
186  K3Pu+F+I+G4   1447.714     38  2971.428     2976.958     3136.894
187  K3Pu+F+R2     1444.663     38  2965.326     2970.856     3130.792
188  K3Pu+F+R3     1444.671     40  2969.342     2975.484     3143.517
197  K3P+I         1456.645     34  2981.290     2985.697     3129.338
199  K3P+I+G4      1454.597     35  2979.193     2983.869     3131.596
200  K3P+R2        1451.018     35  2972.037     2976.712     3124.440
201  K3P+R3        1451.021     37  2976.042     2981.279     3137.154
210  TN+F+I        1449.793     37  2973.587     2978.823     3134.699
212  TN+F+I+G4     1448.033     38  2972.067     2977.597     3137.533
213  TN+F+R2       1445.187     38  2966.375     2971.905     3131.841
214  TN+F+R3       1445.223     40  2970.445     2976.588     3144.620
223  TNe+I         1458.055     34  2984.109     2988.517     3132.158
225  TNe+I+G4      1456.094     35  2982.188     2986.864     3134.591
226  TNe+R2        1452.582     35  2975.164     2979.840     3127.567
227  TNe+R3        1452.578     37  2979.155     2984.392     3140.267
236  HKY+F+I       1450.910     36  2973.820     2978.772     3130.577
238  HKY+F+I+G4    1449.204     37  2972.408     2977.644     3133.520
239  HKY+F+R2      1446.187     37  2966.374     2971.610     3127.486
240  HKY+F+R3      1446.239     39  2970.477     2976.309     3140.298
249  K2P+I         1458.118     33  2982.236     2986.384     3125.930
251  K2P+I+G4      1456.133     34  2980.267     2984.674     3128.315
252  K2P+R2        1452.585     34  2973.170     2977.578     3121.219
253  K2P+R3        1452.586     36  2977.172     2982.124     3133.929
262  F81+F+I       1479.175     35  3028.349     3033.025     3180.752
264  F81+F+I+G4    1477.364     36  3026.727     3031.679     3183.484
265  F81+F+R2      1474.698     36  3021.396     3026.348     3178.154
266  F81+F+R3      1474.758     38  3025.516     3031.046     3190.982
275  JC+I          1487.745     32  3039.490     3043.387     3178.830
277  JC+I+G4       1485.815     33  3037.630     3041.778     3181.324
278  JC+R2         1482.860     33  3031.720     3035.868     3175.414
279  JC+R3         1482.900     35  3035.800     3040.475     3188.203
Akaike Information Criterion:           TIM3+F+R2
Corrected Akaike Information Criterion: TPM3u+F+R2
Bayesian Information Criterion:         K2P+R2
Best-fit model: TIM3+F+R2 chosen according to AIC

All model information printed to C:\iqtree-2.1.1-Windows\bin\16Sb_seqs_mafft_gb_haplotypes.fasta.model.gz
CPU time for ModelFinder: 1.812 seconds (0h:0m:1s)
Wall-clock time for ModelFinder: 2.416 seconds (0h:0m:2s)
Generating 1000 samples for ultrafast bootstrap (seed: 895033)...

NOTE: 0 MB RAM (0 GB) is required!
Estimate model parameters (epsilon = 0.100)
1. Initial log-likelihood: -1439.659
Optimal log-likelihood: -1439.630
Rate parameters:  A-C: 0.17620  A-G: 2.44958  A-T: 1.00000  C-G: 0.17620  C-T: 3.84625  G-T: 1.00000
Base frequencies:  A: 0.276  C: 0.203  G: 0.304  T: 0.216
Site proportion and rates:  (0.930,0.269) (0.070,10.666)
Parameters optimization took 1 rounds (0.022 sec)
Computing ML distances based on estimated model parameters...
Computing ML distances took 0.012496 sec (of wall-clock time) 0.000000 sec(of CPU time)
Computing RapidNJ tree took 0.000344 sec (of wall-clock time) 0.000000 sec (of CPU time)
Log-likelihood of RapidNJ tree: -1443.416
--------------------------------------------------------------------
|             INITIALIZING CANDIDATE TREE SET                      |
--------------------------------------------------------------------
Generating 98 parsimony trees... 0.088 second
Computing log-likelihood of 98 initial trees ... 0.051 seconds
Current best score: -1439.630

Do NNI search on 20 best initial trees
Estimate model parameters (epsilon = 0.100)
BETTER TREE FOUND at iteration 1: -1439.617
Iteration 10 / LogL: -1439.620 / Time: 0h:0m:0s
UPDATE BEST LOG-LIKELIHOOD: -1439.616
Iteration 20 / LogL: -1440.610 / Time: 0h:0m:0s
Finish initializing candidate tree set (3)
Current best tree score: -1439.616 / CPU time: 0.409
Number of iterations: 20
--------------------------------------------------------------------
|               OPTIMIZING CANDIDATE TREE SET                      |
--------------------------------------------------------------------
Iteration 30 / LogL: -1439.618 / Time: 0h:0m:0s (0h:0m:1s left)
Iteration 40 / LogL: -1439.618 / Time: 0h:0m:0s (0h:0m:1s left)
Iteration 50 / LogL: -1439.617 / Time: 0h:0m:1s (0h:0m:1s left)
Log-likelihood cutoff on original alignment: -1465.453
UPDATE BEST LOG-LIKELIHOOD: -1439.616
Iteration 60 / LogL: -1439.617 / Time: 0h:0m:1s (0h:0m:0s left)
Iteration 70 / LogL: -1442.699 / Time: 0h:0m:1s (0h:0m:0s left)
Iteration 80 / LogL: -1439.619 / Time: 0h:0m:1s (0h:0m:0s left)
Iteration 90 / LogL: -1443.064 / Time: 0h:0m:1s (0h:0m:0s left)
Iteration 100 / LogL: -1439.638 / Time: 0h:0m:1s (0h:0m:0s left)
Log-likelihood cutoff on original alignment: -1466.010
NOTE: Bootstrap correlation coefficient of split occurrence frequencies: 0.998
TREE SEARCH COMPLETED AFTER 102 ITERATIONS / Time: 0h:0m:2s

--------------------------------------------------------------------
|                    FINALIZING TREE SEARCH                        |
--------------------------------------------------------------------
Performs final model parameters optimization
Estimate model parameters (epsilon = 0.010)
1. Initial log-likelihood: -1439.616
Optimal log-likelihood: -1439.611
Rate parameters:  A-C: 0.17825  A-G: 2.44993  A-T: 1.00000  C-G: 0.17825  C-T: 3.84589  G-T: 1.00000
Base frequencies:  A: 0.276  C: 0.203  G: 0.304  T: 0.216
Site proportion and rates:  (0.932,0.274) (0.068,10.974)
Parameters optimization took 1 rounds (0.022 sec)
BEST SCORE FOUND : -1439.611
Creating bootstrap support values...
Split supports printed to NEXUS file C:\iqtree-2.1.1-Windows\bin\16Sb_seqs_mafft_gb_haplotypes.fasta.splits.nex
Total tree length: 0.340

Total number of iterations: 102
CPU time used for tree search: 2.188 sec (0h:0m:2s)
Wall-clock time used for tree search: 1.961 sec (0h:0m:1s)
Total CPU time used: 2.281 sec (0h:0m:2s)
Total wall-clock time used: 2.263 sec (0h:0m:2s)

Computing bootstrap consensus tree...
Reading input file C:\iqtree-2.1.1-Windows\bin\16Sb_seqs_mafft_gb_haplotypes.fasta.splits.nex...
17 taxa and 107 splits.
Consensus tree written to C:\iqtree-2.1.1-Windows\bin\16Sb_seqs_mafft_gb_haplotypes.fasta.contree
Reading input trees file C:\iqtree-2.1.1-Windows\bin\16Sb_seqs_mafft_gb_haplotypes.fasta.contree
Log-likelihood of consensus tree: -1439.615

Analysis results written to: 
  IQ-TREE report:                C:\iqtree-2.1.1-Windows\bin\16Sb_seqs_mafft_gb_haplotypes.fasta.iqtree
  Maximum-likelihood tree:       C:\iqtree-2.1.1-Windows\bin\16Sb_seqs_mafft_gb_haplotypes.fasta.treefile
  Likelihood distances:          C:\iqtree-2.1.1-Windows\bin\16Sb_seqs_mafft_gb_haplotypes.fasta.mldist

Ultrafast bootstrap approximation results written to:
  Split support values:          C:\iqtree-2.1.1-Windows\bin\16Sb_seqs_mafft_gb_haplotypes.fasta.splits.nex
  Consensus tree:                C:\iqtree-2.1.1-Windows\bin\16Sb_seqs_mafft_gb_haplotypes.fasta.contree
  Screen log file:               C:\iqtree-2.1.1-Windows\bin\16Sb_seqs_mafft_gb_haplotypes.fasta.log

Date and Time: Mon Mar 08 12:06:50 2021
