IQ-TREE multicore version 2.1.3 COVID-edition for Mac OS X 64-bit built Oct  4 2021
Developed by Bui Quang Minh, James Barbetti, Nguyen Lam Tung,
Olga Chernomor, Heiko Schmidt, Dominik Schrempf, Michael Woodhams.

Host:    Emilys-MacBook-Air-5.local (AVX2, FMA3, 16 GB RAM)
Command: bin/iqtree2 -s /Applications/iqtree-2.1.3-MacOSX/bin/16Se_seqs_mafft_gb_haplotypes.fasta -m MFP -B 1000
Seed:    737461 (Using SPRNG - Scalable Parallel Random Number Generator)
Time:    Tue Dec 19 09:12:04 2023
Kernel:  AVX+FMA - 1 threads (4 CPU cores detected)

HINT: Use -nt option to specify number of threads because your CPU has 4 cores!
HINT: -nt AUTO will automatically determine the best number of threads to use.

Reading alignment file /Applications/iqtree-2.1.3-MacOSX/bin/16Se_seqs_mafft_gb_haplotypes.fasta ... Fasta format detected
Alignment most likely contains DNA/RNA sequences
Alignment has 17 sequences with 375 columns, 120 distinct patterns
99 parsimony-informative, 20 singleton sites, 256 constant sites
                                   Gap/Ambiguity  Composition  p-value
   1  OQ401037_Cyclopodia_sykesii          0.00%    passed     99.40%
   2  GoG_G1_2_Eh_ST                       0.00%    passed     87.51%
   3  DQ133038_Dipseliopoda_biannulata    16.00%    passed     27.24%
   4  GoG_G10_47_Ra_GH                     0.27%    passed     93.48%
   5  DQ133034_Eucampsipoda_penthetoris    3.47%    passed     86.13%
   6  MH138030_Eucampsipoda_africana       0.27%    passed     99.68%
   7  GoG_G3_13_Ra_PR                      0.27%    passed     98.87%
   8  GoG_G10_13_Ra_GH                     0.27%    passed     99.68%
   9  DQ133026_Phtiridium_fraterna         0.00%    passed     91.90%
  10  AB632586_Phthiridium_hindlei         0.27%    passed     99.16%
  11  AB632576_Nycteribia_allotopa         0.00%    passed     95.87%
  12  AB632578_Nycteribia_pygmaea          0.00%    passed     95.80%
  13  AB632580_Nycteribia_pleuralis        0.00%    passed     96.68%
  14  AB632573_Basilia_truncata            0.00%    passed     96.75%
  15  AB632575_Basilia_rybini              0.00%    passed     72.82%
  16  AB632582_Penicillidia_jenynsii       0.00%    passed     93.41%
  17  AB632584_Penicillidia_monoceros      0.27%    passed     96.15%
****  TOTAL                                1.24%  0 sequences failed composition chi2 test (p-value<5%; df=3)
NOTE: GoG_G10_13_Ra_GH is identical to MH138030_Eucampsipoda_africana but kept for subsequent analysis


Create initial parsimony tree by phylogenetic likelihood library (PLL)... 0.001 seconds
Perform fast likelihood tree search using GTR+I+G model...
Estimate model parameters (epsilon = 5.000)
Perform nearest neighbor interchange...
Estimate model parameters (epsilon = 1.000)
1. Initial log-likelihood: -1613.162
Optimal log-likelihood: -1613.054
Rate parameters:  A-C: 4.59916  A-G: 17.22237  A-T: 19.39713  C-G: 1.34137  C-T: 0.87787  G-T: 1.00000
Base frequencies:  A: 0.409  C: 0.066  G: 0.130  T: 0.395
Proportion of invariable sites: 0.352
Gamma shape alpha: 0.473
Parameters optimization took 1 rounds (0.007 sec)
Time for fast ML tree search: 0.040 seconds

NOTE: ModelFinder requires 1 MB RAM!
ModelFinder will test up to 286 DNA models (sample size: 375) ...
 No. Model         -LnL         df  AIC          AICc         BIC
  1  GTR+F         1728.888     39  3535.776     3545.090     3688.926
  2  GTR+F+I       1617.385     40  3314.770     3324.591     3471.848
  3  GTR+F+G4      1613.340     40  3306.679     3316.500     3463.756
  4  GTR+F+I+G4    1613.060     41  3308.121     3318.463     3469.125
  5  GTR+F+R2      1621.011     41  3324.021     3334.364     3485.025
  6  GTR+F+R3      1616.361     43  3318.723     3330.155     3487.580
 15  SYM+I         1701.622     37  3477.244     3485.588     3622.540
 16  SYM+G4        1698.907     37  3471.814     3480.158     3617.110
 17  SYM+I+G4      1699.114     38  3474.228     3483.050     3623.452
 28  TVM+F+I       1631.513     39  3341.025     3350.338     3494.175
 29  TVM+F+G4      1627.437     39  3332.874     3342.187     3486.024
 30  TVM+F+I+G4    1626.999     40  3333.998     3343.819     3491.075
 41  TVMe+I        1724.926     36  3521.852     3529.734     3663.221
 42  TVMe+G4       1721.300     36  3514.601     3522.482     3655.970
 43  TVMe+I+G4     1721.246     37  3516.492     3524.836     3661.789
 54  TIM3+F+I      1640.342     38  3356.683     3365.505     3505.906
 55  TIM3+F+G4     1635.218     38  3346.437     3355.258     3495.660
 56  TIM3+F+I+G4   1636.036     39  3350.072     3359.385     3503.222
 67  TIM3e+I       1775.672     35  3621.344     3628.777     3758.786
 68  TIM3e+G4      1771.946     35  3613.892     3621.325     3751.334
 69  TIM3e+I+G4    1772.431     36  3616.862     3624.744     3758.232
 80  TIM2+F+I      1625.901     38  3327.802     3336.624     3477.026
 81  TIM2+F+G4     1622.742     38  3321.485     3330.306     3470.708
 82  TIM2+F+I+G4   1622.788     39  3323.576     3332.890     3476.727
 93  TIM2e+I       1776.597     35  3623.193     3630.627     3760.636
 94  TIM2e+G4      1775.234     35  3620.468     3627.901     3757.910
 95  TIM2e+I+G4    1775.728     36  3623.456     3631.338     3764.826
106  TIM+F+I       1623.104     38  3322.208     3331.030     3471.432
107  TIM+F+G4      1619.089     38  3314.179     3323.000     3463.402
108  TIM+F+I+G4    1619.217     39  3316.434     3325.748     3469.584
119  TIMe+I        1728.867     35  3527.734     3535.168     3665.176
120  TIMe+G4       1726.715     35  3523.429     3530.863     3660.871
121  TIMe+I+G4     1727.977     36  3527.954     3535.835     3669.323
132  TPM3u+F+I     1654.030     37  3382.060     3390.404     3527.356
133  TPM3u+F+G4    1649.275     37  3372.551     3380.895     3517.847
134  TPM3u+F+I+G4  1649.592     38  3375.184     3384.006     3524.408
145  TPM3+F+I      1654.030     37  3382.060     3390.404     3527.356
146  TPM3+F+G4     1649.275     37  3372.551     3380.895     3517.847
147  TPM3+F+I+G4   1649.592     38  3375.184     3384.006     3524.408
158  TPM2u+F+I     1638.044     37  3350.088     3358.433     3495.385
159  TPM2u+F+G4    1635.096     37  3344.192     3352.536     3489.488
160  TPM2u+F+I+G4  1634.563     38  3345.126     3353.947     3494.349
171  TPM2+F+I      1638.044     37  3350.088     3358.433     3495.385
172  TPM2+F+G4     1635.096     37  3344.192     3352.536     3489.488
173  TPM2+F+I+G4   1634.563     38  3345.126     3353.947     3494.349
184  K3Pu+F+I      1635.824     37  3345.647     3353.992     3490.944
185  K3Pu+F+G4     1632.078     37  3338.156     3346.500     3483.452
186  K3Pu+F+I+G4   1631.992     38  3339.983     3348.805     3489.207
197  K3P+I         1752.018     34  3572.036     3579.036     3705.551
198  K3P+G4        1749.390     34  3566.780     3573.780     3700.296
199  K3P+I+G4      1750.363     35  3570.726     3578.160     3708.168
210  TN+F+I        1647.610     37  3369.219     3377.563     3514.515
211  TN+F+G4       1643.374     37  3360.748     3369.093     3506.045
212  TN+F+I+G4     1644.626     38  3365.252     3374.073     3514.475
223  TNe+I         1832.797     34  3733.594     3740.594     3867.109
224  TNe+G4        1832.436     34  3732.871     3739.871     3866.387
225  TNe+I+G4      1834.487     35  3738.975     3746.409     3876.417
236  HKY+F+I       1659.399     36  3390.799     3398.680     3532.168
237  HKY+F+G4      1655.841     36  3383.681     3391.563     3525.050
238  HKY+F+I+G4    1656.142     37  3386.285     3394.629     3531.581
249  K2P+I         1853.692     33  3773.384     3779.965     3902.973
250  K2P+G4        1852.206     33  3770.412     3776.993     3900.001
251  K2P+I+G4      1853.580     34  3775.160     3782.160     3908.676
262  F81+F+I       1659.934     35  3389.868     3397.302     3527.310
263  F81+F+G4      1656.373     35  3382.747     3390.180     3520.189
264  F81+F+I+G4    1656.721     36  3385.441     3393.323     3526.810
275  JC+I          1871.683     32  3807.366     3813.541     3933.027
276  JC+G4         1870.386     32  3804.771     3810.947     3930.433
277  JC+I+G4       1871.839     33  3809.679     3816.259     3939.267
Akaike Information Criterion:           GTR+F+G4
Corrected Akaike Information Criterion: GTR+F+G4
Bayesian Information Criterion:         TIM+F+G4
Best-fit model: TIM+F+G4 chosen according to BIC

All model information printed to /Applications/iqtree-2.1.3-MacOSX/bin/16Se_seqs_mafft_gb_haplotypes.fasta.model.gz
CPU time for ModelFinder: 0.609 seconds (0h:0m:0s)
Wall-clock time for ModelFinder: 0.631 seconds (0h:0m:0s)
Generating 1000 samples for ultrafast bootstrap (seed: 737461)...

NOTE: 0 MB RAM (0 GB) is required!
Estimate model parameters (epsilon = 0.100)
1. Initial log-likelihood: -1619.089
Optimal log-likelihood: -1619.089
Rate parameters:  A-C: 1.00000  A-G: 6.12120  A-T: 6.15971  C-G: 6.15971  C-T: 0.35852  G-T: 1.00000
Base frequencies:  A: 0.409  C: 0.066  G: 0.130  T: 0.395
Gamma shape alpha: 0.195
Parameters optimization took 1 rounds (0.002 sec)
Computing ML distances based on estimated model parameters...
Computing ML distances took 0.007593 sec (of wall-clock time) 0.007569 sec(of CPU time)
WARNING: Some pairwise ML distances are too long (saturated)
Computing RapidNJ tree took 0.000077 sec (of wall-clock time) 0.000078 sec (of CPU time)
Log-likelihood of RapidNJ tree: -1632.229
--------------------------------------------------------------------
|             INITIALIZING CANDIDATE TREE SET                      |
--------------------------------------------------------------------
Generating 98 parsimony trees... 0.064 second
Computing log-likelihood of 98 initial trees ... 0.073 seconds
Current best score: -1617.160

Do NNI search on 20 best initial trees
Estimate model parameters (epsilon = 0.100)
BETTER TREE FOUND at iteration 1: -1616.784
Iteration 10 / LogL: -1620.259 / Time: 0h:0m:0s
Iteration 20 / LogL: -1618.150 / Time: 0h:0m:0s
Finish initializing candidate tree set (5)
Current best tree score: -1616.784 / CPU time: 0.357
Number of iterations: 20
--------------------------------------------------------------------
|               OPTIMIZING CANDIDATE TREE SET                      |
--------------------------------------------------------------------
Iteration 30 / LogL: -1617.357 / Time: 0h:0m:0s (0h:0m:1s left)
Iteration 40 / LogL: -1616.973 / Time: 0h:0m:0s (0h:0m:1s left)
Iteration 50 / LogL: -1616.807 / Time: 0h:0m:0s (0h:0m:0s left)
Log-likelihood cutoff on original alignment: -1636.129
Iteration 60 / LogL: -1616.811 / Time: 0h:0m:1s (0h:0m:0s left)
Iteration 70 / LogL: -1616.804 / Time: 0h:0m:1s (0h:0m:0s left)
Iteration 80 / LogL: -1616.786 / Time: 0h:0m:1s (0h:0m:0s left)
Iteration 90 / LogL: -1616.921 / Time: 0h:0m:1s (0h:0m:0s left)
Iteration 100 / LogL: -1618.152 / Time: 0h:0m:1s (0h:0m:0s left)
Log-likelihood cutoff on original alignment: -1637.855
NOTE: Bootstrap correlation coefficient of split occurrence frequencies: 0.998
TREE SEARCH COMPLETED AFTER 102 ITERATIONS / Time: 0h:0m:1s

--------------------------------------------------------------------
|                    FINALIZING TREE SEARCH                        |
--------------------------------------------------------------------
Performs final model parameters optimization
Estimate model parameters (epsilon = 0.010)
1. Initial log-likelihood: -1616.784
Optimal log-likelihood: -1616.784
Rate parameters:  A-C: 1.00000  A-G: 6.85901  A-T: 7.11395  C-G: 7.11395  C-T: 0.40984  G-T: 1.00000
Base frequencies:  A: 0.409  C: 0.066  G: 0.130  T: 0.395
Gamma shape alpha: 0.193
Parameters optimization took 1 rounds (0.002 sec)
BEST SCORE FOUND : -1616.784
Creating bootstrap support values...
Split supports printed to NEXUS file /Applications/iqtree-2.1.3-MacOSX/bin/16Se_seqs_mafft_gb_haplotypes.fasta.splits.nex
Total tree length: 0.966

Total number of iterations: 102
CPU time used for tree search: 1.762 sec (0h:0m:1s)
Wall-clock time used for tree search: 1.652 sec (0h:0m:1s)
Total CPU time used: 1.844 sec (0h:0m:1s)
Total wall-clock time used: 1.735 sec (0h:0m:1s)

Computing bootstrap consensus tree...
Reading input file /Applications/iqtree-2.1.3-MacOSX/bin/16Se_seqs_mafft_gb_haplotypes.fasta.splits.nex...
17 taxa and 148 splits.
Consensus tree written to /Applications/iqtree-2.1.3-MacOSX/bin/16Se_seqs_mafft_gb_haplotypes.fasta.contree
Reading input trees file /Applications/iqtree-2.1.3-MacOSX/bin/16Se_seqs_mafft_gb_haplotypes.fasta.contree
Log-likelihood of consensus tree: -1616.787

Analysis results written to: 
  IQ-TREE report:                /Applications/iqtree-2.1.3-MacOSX/bin/16Se_seqs_mafft_gb_haplotypes.fasta.iqtree
  Maximum-likelihood tree:       /Applications/iqtree-2.1.3-MacOSX/bin/16Se_seqs_mafft_gb_haplotypes.fasta.treefile
  Likelihood distances:          /Applications/iqtree-2.1.3-MacOSX/bin/16Se_seqs_mafft_gb_haplotypes.fasta.mldist

Ultrafast bootstrap approximation results written to:
  Split support values:          /Applications/iqtree-2.1.3-MacOSX/bin/16Se_seqs_mafft_gb_haplotypes.fasta.splits.nex
  Consensus tree:                /Applications/iqtree-2.1.3-MacOSX/bin/16Se_seqs_mafft_gb_haplotypes.fasta.contree
  Screen log file:               /Applications/iqtree-2.1.3-MacOSX/bin/16Se_seqs_mafft_gb_haplotypes.fasta.log

Date and Time: Tue Dec 19 09:12:07 2023
