IQ-TREE multicore version 2.1.1 COVID-edition for Windows 64-bit built Aug 20 2020
Developed by Bui Quang Minh, James Barbetti, Nguyen Lam Tung,
Olga Chernomor, Heiko Schmidt, Dominik Schrempf, Michael Woodhams.

Host:    DESKTOP-7HQB3DG (AVX2, FMA3, 7 GB RAM)
Command: iqtree2 -s C:\iqtree-2.1.1-Windows\bin\16Sb_seqs_mafft_gb_haplotypes.fasta -m MFP -AICc -B 1000
Seed:    118248 (Using SPRNG - Scalable Parallel Random Number Generator)
Time:    Mon Mar 08 12:08:18 2021
Kernel:  AVX+FMA - 1 threads (4 CPU cores detected)

HINT: Use -nt option to specify number of threads because your CPU has 4 cores!
HINT: -nt AUTO will automatically determine the best number of threads to use.

Reading alignment file C:\iqtree-2.1.1-Windows\bin\16Sb_seqs_mafft_gb_haplotypes.fasta ... Fasta format detected
Alignment most likely contains DNA/RNA sequences
Alignment has 17 sequences with 575 columns, 65 distinct patterns
68 parsimony-informative, 15 singleton sites, 492 constant sites
                                 Gap/Ambiguity  Composition  p-value
   1  Sym_C.dubia_KT751122               0.17%    passed     95.70%
   2  Sym_C.dubia_KT751123               0.00%    passed     94.52%
   3  Sym_C.dubia_KT751126               0.00%    passed     95.16%
   4  Sym_D.biannulata_KC597770          0.00%    passed     89.09%
   5  Sym_E.africana_KC597710            0.00%    passed     99.72%
   6  Sym_E.cf.latisterna_KC597754       0.00%    passed     97.95%
   7  Sym_E.cf.latisterna_KC597755       0.00%    passed     97.82%
   8  Sym_E.inermis_KC597725             0.35%    passed     99.95%
   9  Sym_E.inermis_KC597758             0.35%    passed     99.83%
  10  Sym_E.madagascarensis_KT751117     0.00%    passed     99.03%
  11  Sym_E.theodori_KT751115            0.00%    passed     99.95%
  12  Sym_L.ferrarii_KC597751            0.00%    passed     83.29%
  13  Sym_L.ferrarii_KC597757            0.00%    passed     89.68%
  14  Sym_Leptocyclopodia.sp_KC597727    0.00%    passed     82.26%
  15  GoG_G2_55_Ra_ST                    0.00%    passed     99.88%
  16  GoG_G2_61_Eh_ST                    0.00%    passed     87.66%
  17  GoG_G10_10_Ra_GH                   0.00%    passed     99.46%
****  TOTAL                              0.05%  0 sequences failed composition chi2 test (p-value<5%; df=3)


Create initial parsimony tree by phylogenetic likelihood library (PLL)... 0.007 seconds
Perform fast likelihood tree search using GTR+I+G model...
Estimate model parameters (epsilon = 5.000)
Perform nearest neighbor interchange...
Estimate model parameters (epsilon = 1.000)
1. Initial log-likelihood: -1440.672
Optimal log-likelihood: -1440.590
Rate parameters:  A-C: 0.32186  A-G: 1.82295  A-T: 0.58733  C-G: 0.00010  C-T: 2.76042  G-T: 1.00000
Base frequencies:  A: 0.276  C: 0.203  G: 0.304  T: 0.216
Proportion of invariable sites: 0.426
Gamma shape alpha: 0.227
Parameters optimization took 1 rounds (0.034 sec)
Time for fast ML tree search: 0.072 seconds

NOTE: ModelFinder requires 0 MB RAM!
ModelFinder will test up to 286 DNA models (sample size: 575) ...
 No. Model         -LnL         df  AIC          AICc         BIC
  1  GTR+F         1487.815     39  3053.631     3059.463     3223.451
  2  GTR+F+I       1442.390     40  2964.780     2970.923     3138.955
  3  GTR+F+G4      1444.312     40  2968.624     2974.767     3142.799
  4  GTR+F+I+G4    1440.319     41  2962.639     2969.100     3141.168
  5  GTR+F+R2      1437.830     41  2957.660     2964.122     3136.189
  6  GTR+F+R3      1437.742     43  2961.484     2968.611     3148.722
 15  SYM+I         1450.237     37  2974.473     2979.710     3135.585
 17  SYM+I+G4      1448.087     38  2972.173     2977.703     3137.640
 18  SYM+R2        1444.962     38  2965.923     2971.453     3131.390
 19  SYM+R3        1444.990     40  2969.981     2976.123     3144.156
 28  TVM+F+I       1443.487     39  2964.975     2970.807     3134.795
 30  TVM+F+I+G4    1441.606     40  2963.212     2969.354     3137.387
 31  TVM+F+R2      1438.914     40  2957.828     2963.971     3132.003
 32  TVM+F+R3      1438.929     42  2961.859     2968.648     3144.742
 41  TVMe+I        1450.356     36  2972.711     2977.663     3129.469
 43  TVMe+I+G4     1448.190     37  2970.379     2975.616     3131.491
 44  TVMe+R2       1445.006     37  2964.011     2969.248     3125.123
 45  TVMe+R3       1444.987     39  2967.974     2973.806     3137.795
 54  TIM3+F+I      1444.676     38  2965.352     2970.882     3130.818
 56  TIM3+F+I+G4   1442.665     39  2963.331     2969.162     3133.151
 57  TIM3+F+R2     1439.633     39  2957.266     2963.098     3127.087
 58  TIM3+F+R3     1439.672     41  2961.345     2967.806     3139.874
 67  TIM3e+I       1452.647     35  2975.294     2979.969     3127.697
 69  TIM3e+I+G4    1450.488     36  2972.975     2977.927     3129.733
 70  TIM3e+R2      1446.787     36  2965.573     2970.525     3122.331
 71  TIM3e+R3      1446.813     38  2969.626     2975.156     3135.093
 80  TIM2+F+I      1449.783     38  2975.566     2981.096     3141.032
 82  TIM2+F+I+G4   1448.031     39  2974.061     2979.893     3143.882
 83  TIM2+F+R2     1445.152     39  2968.304     2974.136     3138.125
 84  TIM2+F+R3     1445.203     41  2972.406     2978.868     3150.935
 93  TIM2e+I       1458.050     35  2986.100     2990.775     3138.503
 95  TIM2e+I+G4    1456.098     36  2984.196     2989.148     3140.953
 96  TIM2e+R2      1452.485     36  2976.970     2981.922     3133.728
 97  TIM2e+R3      1452.498     38  2980.996     2986.526     3146.462
106  TIM+F+I       1448.429     38  2972.859     2978.389     3138.325
108  TIM+F+I+G4    1446.546     39  2971.092     2976.924     3140.912
109  TIM+F+R2      1443.605     39  2965.211     2971.043     3135.031
110  TIM+F+R3      1443.670     41  2969.340     2975.802     3147.870
119  TIMe+I        1456.602     35  2983.203     2987.878     3135.606
121  TIMe+I+G4     1454.537     36  2981.074     2986.025     3137.831
122  TIMe+R2       1450.999     36  2973.999     2978.951     3130.756
123  TIMe+R3       1451.010     38  2978.021     2983.550     3143.487
132  TPM3u+F+I     1445.906     37  2965.813     2971.049     3126.925
134  TPM3u+F+I+G4  1443.937     38  2963.874     2969.404     3129.340
135  TPM3u+F+R2    1440.744     38  2957.488     2963.018     3122.954
136  TPM3u+F+R3    1440.786     40  2961.573     2967.715     3135.747
145  TPM3+F+I      1445.907     37  2965.813     2971.050     3126.925
147  TPM3+F+I+G4   1443.944     38  2963.888     2969.418     3129.354
148  TPM3+F+R2     1440.730     38  2957.460     2962.990     3122.926
149  TPM3+F+R3     1440.785     40  2961.571     2967.713     3135.746
158  TPM2u+F+I     1450.889     37  2975.778     2981.015     3136.890
160  TPM2u+F+I+G4  1449.206     38  2974.412     2979.942     3139.878
161  TPM2u+F+R2    1446.137     38  2968.275     2973.804     3133.741
162  TPM2u+F+R3    1446.202     40  2972.404     2978.546     3146.578
171  TPM2+F+I      1450.889     37  2975.778     2981.015     3136.890
173  TPM2+F+I+G4   1449.206     38  2974.412     2979.942     3139.878
174  TPM2+F+R2     1446.137     38  2968.275     2973.804     3133.741
175  TPM2+F+R3     1446.202     40  2972.404     2978.546     3146.578
184  K3Pu+F+I      1449.496     37  2972.991     2978.228     3134.103
186  K3Pu+F+I+G4   1447.722     38  2971.443     2976.973     3136.909
187  K3Pu+F+R2     1444.637     38  2965.274     2970.804     3130.740
188  K3Pu+F+R3     1444.669     40  2969.338     2975.481     3143.513
197  K3P+I         1456.652     34  2981.305     2985.712     3129.353
199  K3P+I+G4      1454.601     35  2979.202     2983.878     3131.605
200  K3P+R2        1450.979     35  2971.957     2976.632     3124.360
201  K3P+R3        1451.018     37  2976.037     2981.273     3137.148
210  TN+F+I        1449.794     37  2973.588     2978.824     3134.700
212  TN+F+I+G4     1448.034     38  2972.068     2977.598     3137.534
213  TN+F+R2       1445.144     38  2966.288     2971.818     3131.754
214  TN+F+R3       1445.211     40  2970.422     2976.564     3144.597
223  TNe+I         1458.092     34  2984.183     2988.590     3132.232
225  TNe+I+G4      1456.109     35  2982.217     2986.892     3134.620
226  TNe+R2        1452.545     35  2975.091     2979.766     3127.494
227  TNe+R3        1452.584     37  2979.169     2984.405     3140.280
236  HKY+F+I       1450.911     36  2973.822     2978.773     3130.579
238  HKY+F+I+G4    1449.213     37  2972.427     2977.663     3133.538
239  HKY+F+R2      1446.169     37  2966.337     2971.574     3127.449
240  HKY+F+R3      1446.228     39  2970.455     2976.287     3140.276
249  K2P+I         1458.130     33  2982.261     2986.408     3125.955
251  K2P+I+G4      1456.139     34  2980.279     2984.686     3128.328
252  K2P+R2        1452.545     34  2973.090     2977.498     3121.139
253  K2P+R3        1452.583     36  2977.166     2982.118     3133.924
262  F81+F+I       1479.176     35  3028.352     3033.027     3180.755
264  F81+F+I+G4    1477.363     36  3026.727     3031.679     3183.484
265  F81+F+R2      1474.692     36  3021.383     3026.335     3178.141
266  F81+F+R3      1474.754     38  3025.509     3031.039     3190.975
275  JC+I          1487.747     32  3039.493     3043.390     3178.833
277  JC+I+G4       1485.815     33  3037.630     3041.778     3181.324
278  JC+R2         1482.849     33  3031.698     3035.845     3175.392
279  JC+R3         1482.897     35  3035.794     3040.469     3188.197
Akaike Information Criterion:           TIM3+F+R2
Corrected Akaike Information Criterion: TPM3+F+R2
Bayesian Information Criterion:         K2P+R2
Best-fit model: TPM3+F+R2 chosen according to AICc

All model information printed to C:\iqtree-2.1.1-Windows\bin\16Sb_seqs_mafft_gb_haplotypes.fasta.model.gz
CPU time for ModelFinder: 1.531 seconds (0h:0m:1s)
Wall-clock time for ModelFinder: 2.106 seconds (0h:0m:2s)
Generating 1000 samples for ultrafast bootstrap (seed: 118248)...

NOTE: 0 MB RAM (0 GB) is required!
Estimate model parameters (epsilon = 0.100)
1. Initial log-likelihood: -1440.730
Optimal log-likelihood: -1440.724
Rate parameters:  A-C: 0.19592  A-G: 3.01211  A-T: 1.00000  C-G: 0.19592  C-T: 3.01211  G-T: 1.00000
Base frequencies:  A: 0.276  C: 0.203  G: 0.304  T: 0.216
Site proportion and rates:  (0.934,0.277) (0.066,11.204)
Parameters optimization took 1 rounds (0.020 sec)
Computing ML distances based on estimated model parameters...
Computing ML distances took 0.009989 sec (of wall-clock time) 0.000000 sec(of CPU time)
Computing RapidNJ tree took 0.000124 sec (of wall-clock time) 0.000000 sec (of CPU time)
Log-likelihood of RapidNJ tree: -1444.342
--------------------------------------------------------------------
|             INITIALIZING CANDIDATE TREE SET                      |
--------------------------------------------------------------------
Generating 98 parsimony trees... 0.098 second
Computing log-likelihood of 98 initial trees ... 0.047 seconds
Current best score: -1440.724

Do NNI search on 20 best initial trees
Estimate model parameters (epsilon = 0.100)
BETTER TREE FOUND at iteration 1: -1440.722
UPDATE BEST LOG-LIKELIHOOD: -1440.721
UPDATE BEST LOG-LIKELIHOOD: -1440.721
UPDATE BEST LOG-LIKELIHOOD: -1440.721
UPDATE BEST LOG-LIKELIHOOD: -1440.721
Iteration 10 / LogL: -1440.721 / Time: 0h:0m:0s
Iteration 20 / LogL: -1440.721 / Time: 0h:0m:0s
Finish initializing candidate tree set (2)
Current best tree score: -1440.721 / CPU time: 0.408
Number of iterations: 20
--------------------------------------------------------------------
|               OPTIMIZING CANDIDATE TREE SET                      |
--------------------------------------------------------------------
Iteration 30 / LogL: -1444.127 / Time: 0h:0m:0s (0h:0m:1s left)
UPDATE BEST LOG-LIKELIHOOD: -1440.721
Iteration 40 / LogL: -1440.725 / Time: 0h:0m:0s (0h:0m:1s left)
Iteration 50 / LogL: -1440.724 / Time: 0h:0m:1s (0h:0m:1s left)
Log-likelihood cutoff on original alignment: -1461.735
Iteration 60 / LogL: -1440.725 / Time: 0h:0m:1s (0h:0m:0s left)
Iteration 70 / LogL: -1444.123 / Time: 0h:0m:1s (0h:0m:0s left)
Iteration 80 / LogL: -1440.733 / Time: 0h:0m:1s (0h:0m:0s left)
Iteration 90 / LogL: -1444.130 / Time: 0h:0m:1s (0h:0m:0s left)
Iteration 100 / LogL: -1444.124 / Time: 0h:0m:1s (0h:0m:0s left)
Log-likelihood cutoff on original alignment: -1462.293
NOTE: Bootstrap correlation coefficient of split occurrence frequencies: 0.989
NOTE: UFBoot does not converge, continue at least 100 more iterations
Iteration 110 / LogL: -1440.733 / Time: 0h:0m:2s (0h:0m:1s left)
Iteration 120 / LogL: -1444.121 / Time: 0h:0m:2s (0h:0m:1s left)
Iteration 130 / LogL: -1440.722 / Time: 0h:0m:2s (0h:0m:1s left)
Iteration 140 / LogL: -1440.722 / Time: 0h:0m:2s (0h:0m:1s left)
Iteration 150 / LogL: -1440.722 / Time: 0h:0m:2s (0h:0m:0s left)
Log-likelihood cutoff on original alignment: -1462.473
Iteration 160 / LogL: -1444.156 / Time: 0h:0m:2s (0h:0m:0s left)
Iteration 170 / LogL: -1440.725 / Time: 0h:0m:3s (0h:0m:0s left)
Iteration 180 / LogL: -1444.130 / Time: 0h:0m:3s (0h:0m:0s left)
Iteration 190 / LogL: -1440.722 / Time: 0h:0m:3s (0h:0m:0s left)
Iteration 200 / LogL: -1440.723 / Time: 0h:0m:3s (0h:0m:0s left)
Log-likelihood cutoff on original alignment: -1463.190
NOTE: Bootstrap correlation coefficient of split occurrence frequencies: 0.996
TREE SEARCH COMPLETED AFTER 200 ITERATIONS / Time: 0h:0m:3s

--------------------------------------------------------------------
|                    FINALIZING TREE SEARCH                        |
--------------------------------------------------------------------
Performs final model parameters optimization
Estimate model parameters (epsilon = 0.010)
1. Initial log-likelihood: -1440.721
Optimal log-likelihood: -1440.720
Rate parameters:  A-C: 0.19731  A-G: 3.01073  A-T: 1.00000  C-G: 0.19731  C-T: 3.01073  G-T: 1.00000
Base frequencies:  A: 0.276  C: 0.203  G: 0.304  T: 0.216
Site proportion and rates:  (0.935,0.279) (0.065,11.346)
Parameters optimization took 1 rounds (0.020 sec)
BEST SCORE FOUND : -1440.720
Creating bootstrap support values...
Split supports printed to NEXUS file C:\iqtree-2.1.1-Windows\bin\16Sb_seqs_mafft_gb_haplotypes.fasta.splits.nex
Total tree length: 0.342

Total number of iterations: 200
CPU time used for tree search: 3.547 sec (0h:0m:3s)
Wall-clock time used for tree search: 3.470 sec (0h:0m:3s)
Total CPU time used: 3.656 sec (0h:0m:3s)
Total wall-clock time used: 3.777 sec (0h:0m:3s)

Computing bootstrap consensus tree...
Reading input file C:\iqtree-2.1.1-Windows\bin\16Sb_seqs_mafft_gb_haplotypes.fasta.splits.nex...
17 taxa and 118 splits.
Consensus tree written to C:\iqtree-2.1.1-Windows\bin\16Sb_seqs_mafft_gb_haplotypes.fasta.contree
Reading input trees file C:\iqtree-2.1.1-Windows\bin\16Sb_seqs_mafft_gb_haplotypes.fasta.contree
Log-likelihood of consensus tree: -1440.725

Analysis results written to: 
  IQ-TREE report:                C:\iqtree-2.1.1-Windows\bin\16Sb_seqs_mafft_gb_haplotypes.fasta.iqtree
  Maximum-likelihood tree:       C:\iqtree-2.1.1-Windows\bin\16Sb_seqs_mafft_gb_haplotypes.fasta.treefile
  Likelihood distances:          C:\iqtree-2.1.1-Windows\bin\16Sb_seqs_mafft_gb_haplotypes.fasta.mldist

Ultrafast bootstrap approximation results written to:
  Split support values:          C:\iqtree-2.1.1-Windows\bin\16Sb_seqs_mafft_gb_haplotypes.fasta.splits.nex
  Consensus tree:                C:\iqtree-2.1.1-Windows\bin\16Sb_seqs_mafft_gb_haplotypes.fasta.contree
  Screen log file:               C:\iqtree-2.1.1-Windows\bin\16Sb_seqs_mafft_gb_haplotypes.fasta.log

Date and Time: Mon Mar 08 12:08:24 2021
